2024-07-16 13:34:21,167 - INFO - Starting processing of folder: /home/juval.gutknecht/Projects/Data/VerySmallSampleFolder/Dataset/labelsTr/
2024-07-16 13:35:22,957 - INFO - Processed BS-104_9_Herz__0.6__I30f__3__60%.nrrd: Read: 0.61s, Header: 0.00s, Copy: 0.09s, Label Mapping: 59.05s, Write: 1.39s
2024-07-16 13:35:25,158 - INFO - Labels in BS-104_9_Herz__0.6__I30f__3__60%.nrrd have been changed correctly.
2024-07-16 13:36:42,508 - INFO - Processed BS-096_6_Herz__0.6__I30f__3__60%.nrrd: Read: 0.74s, Header: 0.00s, Copy: 0.09s, Label Mapping: 73.89s, Write: 1.83s
2024-07-16 13:36:45,198 - INFO - Labels in BS-096_6_Herz__0.6__I30f__3__60%.nrrd have been changed correctly.
2024-07-16 13:37:11,188 - INFO - Processed BS-103_5_Fl_Thoracica__1.0__I26f__3__60%.nrrd: Read: 0.28s, Header: 0.00s, Copy: 0.04s, Label Mapping: 24.67s, Write: 0.69s
2024-07-16 13:37:15,915 - WARNING - Label mismatches found:
2024-07-16 13:37:15,915 - WARNING -   BG (old: 5, new: 0):
2024-07-16 13:37:15,915 - WARNING -     Original count: 81988287, Modified count: 81988366
2024-07-16 13:37:15,915 - WARNING -     Total mismatched voxels: 79
2024-07-16 13:37:15,915 - WARNING -     Sample of mismatched voxels:
2024-07-16 13:37:15,915 - WARNING -       At (199,234,123): Original=0, Modified=0
2024-07-16 13:37:15,915 - WARNING -       At (208,240,119): Original=0, Modified=0
2024-07-16 13:37:15,915 - WARNING -       At (208,241,119): Original=0, Modified=0
2024-07-16 13:37:15,915 - WARNING -       At (209,241,119): Original=0, Modified=0
2024-07-16 13:37:15,916 - WARNING -       At (209,244,121): Original=0, Modified=0
2024-07-16 13:37:15,916 - INFO - Labels in BS-103_5_Fl_Thoracica__1.0__I26f__3__60%.nrrd have been changed correctly.
2024-07-16 13:37:36,707 - INFO - Processed BS-116_11_Angio_Fl_Thoracica_axial___60%.nrrd: Read: 0.23s, Header: 0.00s, Copy: 0.03s, Label Mapping: 19.72s, Write: 0.56s
2024-07-16 13:37:37,565 - INFO - Labels in BS-116_11_Angio_Fl_Thoracica_axial___60%.nrrd have been changed correctly.
2024-07-16 13:38:49,857 - INFO - Processed BS-098_10_Herz__0.6__I30f__3__60%.nrrd: Read: 0.70s, Header: 0.00s, Copy: 0.09s, Label Mapping: 69.15s, Write: 1.63s
2024-07-16 13:38:52,422 - INFO - Labels in BS-098_10_Herz__0.6__I30f__3__60%.nrrd have been changed correctly.
2024-07-16 13:38:53,762 - INFO - Processed BS-093_5_Fl_Th-Abd_Art__3.0__I31f__3_cropped.nrrd: Read: 0.05s, Header: 0.00s, Copy: 0.00s, Label Mapping: 0.99s, Write: 0.20s
2024-07-16 13:38:53,954 - INFO - Labels in BS-093_5_Fl_Th-Abd_Art__3.0__I31f__3_cropped.nrrd have been changed correctly.
2024-07-16 13:38:53,962 - INFO - Processing completed successfully.
