2024-07-29 10:07:03,676 - INFO - Starting processing of folder: /home/juval.gutknecht/Projects/Data/heart-segmentation-results/Dataset/labelsTr
2024-07-29 10:07:07,643 - INFO - Processed BS-043_601_Aorta_1mm_iDose_(4).nrrd: Read: 0.62s, Header: 0.00s, Copy: 0.12s, Label Mapping: 1.37s, Write: 1.23s
2024-07-29 10:07:09,974 - INFO - Labels in BS-043_601_Aorta_1mm_iDose_(4).nrrd have been changed correctly.
2024-07-29 10:07:13,792 - INFO - Processed BS-489_6_Herz__0.6__I26f__3__60%.nrrd: Read: 0.55s, Header: 0.00s, Copy: 0.07s, Label Mapping: 1.28s, Write: 1.32s
2024-07-29 10:07:15,819 - INFO - Labels in BS-489_6_Herz__0.6__I26f__3__60%.nrrd have been changed correctly.
2024-07-29 10:07:19,517 - INFO - Processed BS-290_14_Herz__0.6__I26f__BestSyst_31_%.nrrd: Read: 0.56s, Header: 0.00s, Copy: 0.08s, Label Mapping: 1.27s, Write: 1.17s
2024-07-29 10:07:21,633 - INFO - Labels in BS-290_14_Herz__0.6__I26f__BestSyst_31_%.nrrd have been changed correctly.
2024-07-29 10:07:23,755 - INFO - Processed BS-568_7_DE_Thx_Angio_1.0__Q30f_Weichteil__M_0.5.nrrd: Read: 0.32s, Header: 0.00s, Copy: 0.04s, Label Mapping: 0.75s, Write: 0.66s
2024-07-29 10:07:24,923 - INFO - Labels in BS-568_7_DE_Thx_Angio_1.0__Q30f_Weichteil__M_0.5.nrrd have been changed correctly.
2024-07-29 10:07:28,878 - INFO - Processed BS-373_8_Thorax__1.0__I30f__3__BestDiast_74_%.nrrd: Read: 0.61s, Header: 0.00s, Copy: 0.08s, Label Mapping: 1.37s, Write: 1.24s
2024-07-29 10:07:31,187 - INFO - Labels in BS-373_8_Thorax__1.0__I30f__3__BestDiast_74_%.nrrd have been changed correctly.
2024-07-29 10:07:36,094 - INFO - Processed BS-129_5_Cor__Fl_Thx-Abd__0.6__I26f__3__60%.nrrd: Read: 0.73s, Header: 0.00s, Copy: 0.10s, Label Mapping: 1.67s, Write: 1.64s
2024-07-29 10:07:38,709 - INFO - Labels in BS-129_5_Cor__Fl_Thx-Abd__0.6__I26f__3__60%.nrrd have been changed correctly.
2024-07-29 10:07:39,861 - INFO - Processed BS-525_5_Thoracica__1.0__I26f__3__80%.nrrd: Read: 0.16s, Header: 0.00s, Copy: 0.02s, Label Mapping: 0.38s, Write: 0.38s
2024-07-29 10:07:40,458 - INFO - Labels in BS-525_5_Thoracica__1.0__I26f__3__80%.nrrd have been changed correctly.
2024-07-29 10:07:44,119 - INFO - Processed BS-137_8_Cor__Thorax__0.6__I26f__3__BestDiast_76_%.nrrd: Read: 0.58s, Header: 0.00s, Copy: 0.09s, Label Mapping: 1.23s, Write: 1.18s
2024-07-29 10:07:46,180 - INFO - Labels in BS-137_8_Cor__Thorax__0.6__I26f__3__BestDiast_76_%.nrrd have been changed correctly.
2024-07-29 10:07:50,750 - INFO - Processed BS-486_6_Herz__0.6__I26f__3__60%.nrrd: Read: 0.68s, Header: 0.00s, Copy: 0.09s, Label Mapping: 1.55s, Write: 1.53s
2024-07-29 10:07:53,262 - INFO - Labels in BS-486_6_Herz__0.6__I26f__3__60%.nrrd have been changed correctly.
2024-07-29 10:07:57,453 - INFO - Processed BS-091_6_Herz__0.6__I30f__3__60%.nrrd: Read: 0.64s, Header: 0.00s, Copy: 0.09s, Label Mapping: 1.45s, Write: 1.29s
2024-07-29 10:07:59,826 - INFO - Labels in BS-091_6_Herz__0.6__I30f__3__60%.nrrd have been changed correctly.
2024-07-29 10:08:03,133 - INFO - Processed BS-077_10_Herz__0.6__I26f__3__BestDiast_74_%.nrrd: Read: 0.50s, Header: 0.00s, Copy: 0.07s, Label Mapping: 1.17s, Write: 1.03s
2024-07-29 10:08:05,009 - INFO - Labels in BS-077_10_Herz__0.6__I26f__3__BestDiast_74_%.nrrd have been changed correctly.
2024-07-29 10:08:06,784 - INFO - Processed BS-125_8_Angio_Fl_Thoracica_axial___60%.nrrd: Read: 0.27s, Header: 0.00s, Copy: 0.04s, Label Mapping: 0.61s, Write: 0.57s
2024-07-29 10:08:07,751 - INFO - Labels in BS-125_8_Angio_Fl_Thoracica_axial___60%.nrrd have been changed correctly.
2024-07-29 10:08:10,844 - INFO - Processed BS-409_8_Herz__0.6__I26f__3__BestDiast_74_%.nrrd: Read: 0.47s, Header: 0.00s, Copy: 0.06s, Label Mapping: 1.07s, Write: 1.00s
2024-07-29 10:08:12,579 - INFO - Labels in BS-409_8_Herz__0.6__I26f__3__BestDiast_74_%.nrrd have been changed correctly.
2024-07-29 10:08:15,666 - INFO - Processed BS-190_5_Fl_Herz__0.6__Bv40__3__65%.nrrd: Read: 0.45s, Header: 0.00s, Copy: 0.06s, Label Mapping: 0.98s, Write: 1.12s
2024-07-29 10:08:17,265 - INFO - Labels in BS-190_5_Fl_Herz__0.6__Bv40__3__65%.nrrd have been changed correctly.
2024-07-29 10:08:17,719 - INFO - Processed BS-089_10_Thorax_LF_Std._Axial_5.0_CTA_CE.nrrd: Read: 0.05s, Header: 0.00s, Copy: 0.01s, Label Mapping: 0.16s, Write: 0.15s
2024-07-29 10:08:17,910 - INFO - Labels in BS-089_10_Thorax_LF_Std._Axial_5.0_CTA_CE.nrrd have been changed correctly.
2024-07-29 10:08:22,100 - INFO - Processed BS-394_7_Herz___0.6__I26f__3__40%.nrrd: Read: 0.60s, Header: 0.00s, Copy: 0.08s, Label Mapping: 1.36s, Write: 1.53s
2024-07-29 10:08:24,282 - INFO - Labels in BS-394_7_Herz___0.6__I26f__3__40%.nrrd have been changed correctly.
2024-07-29 10:08:28,216 - INFO - Processed BS-349_13_Herz__0.6__I26f__3__BestDiast_68_%.nrrd: Read: 0.58s, Header: 0.00s, Copy: 0.08s, Label Mapping: 1.35s, Write: 1.30s
2024-07-29 10:08:30,454 - INFO - Labels in BS-349_13_Herz__0.6__I26f__3__BestDiast_68_%.nrrd have been changed correctly.
2024-07-29 10:08:32,182 - INFO - Processed BS-244_5_Fl_Thoracica__1.0__I26f__3__60%.nrrd: Read: 0.24s, Header: 0.00s, Copy: 0.03s, Label Mapping: 0.61s, Write: 0.56s
2024-07-29 10:08:33,110 - INFO - Labels in BS-244_5_Fl_Thoracica__1.0__I26f__3__60%.nrrd have been changed correctly.
2024-07-29 10:08:36,190 - INFO - Processed BS-162_6_QCA__Fl_Thx-Abd__0.6__I26f__3__60%.nrrd: Read: 0.46s, Header: 0.00s, Copy: 0.06s, Label Mapping: 1.04s, Write: 1.02s
2024-07-29 10:08:37,840 - INFO - Labels in BS-162_6_QCA__Fl_Thx-Abd__0.6__I26f__3__60%.nrrd have been changed correctly.
2024-07-29 10:08:41,600 - INFO - Processed BS-250_7_Herz__0.6__I30f__3__60%.nrrd: Read: 0.54s, Header: 0.00s, Copy: 0.07s, Label Mapping: 1.25s, Write: 1.32s
2024-07-29 10:08:43,620 - INFO - Labels in BS-250_7_Herz__0.6__I30f__3__60%.nrrd have been changed correctly.
2024-07-29 10:08:44,126 - INFO - Processed BS-455_5_Thoracica__5.0__I26f__3__BestDiast_82_%.nrrd: Read: 0.06s, Header: 0.00s, Copy: 0.01s, Label Mapping: 0.18s, Write: 0.18s
2024-07-29 10:08:44,369 - INFO - Labels in BS-455_5_Thoracica__5.0__I26f__3__BestDiast_82_%.nrrd have been changed correctly.
2024-07-29 10:08:47,782 - INFO - Processed BS-104_9_Herz__0.6__I30f__3__60%.nrrd: Read: 0.53s, Header: 0.00s, Copy: 0.07s, Label Mapping: 1.21s, Write: 1.06s
2024-07-29 10:08:49,720 - INFO - Labels in BS-104_9_Herz__0.6__I30f__3__60%.nrrd have been changed correctly.
2024-07-29 10:08:52,089 - INFO - Processed BS-034_11_Herz__0.6__I30f__3__60%.nrrd: Read: 0.33s, Header: 0.00s, Copy: 0.05s, Label Mapping: 0.80s, Write: 0.82s
2024-07-29 10:08:53,385 - INFO - Labels in BS-034_11_Herz__0.6__I30f__3__60%.nrrd have been changed correctly.
2024-07-29 10:08:57,550 - INFO - Processed BS-153_5_Cor__Thorax__0.6__I26f__3__BestSyst_41_%.nrrd: Read: 0.66s, Header: 0.00s, Copy: 0.08s, Label Mapping: 1.44s, Write: 1.32s
2024-07-29 10:08:59,886 - INFO - Labels in BS-153_5_Cor__Thorax__0.6__I26f__3__BestSyst_41_%.nrrd have been changed correctly.
2024-07-29 10:09:01,633 - INFO - Processed BS-569_5_Fl_Thoracica__1.0__I26f__3__60%.nrrd: Read: 0.25s, Header: 0.00s, Copy: 0.04s, Label Mapping: 0.62s, Write: 0.55s
2024-07-29 10:09:02,604 - INFO - Labels in BS-569_5_Fl_Thoracica__1.0__I26f__3__60%.nrrd have been changed correctly.
2024-07-29 10:09:04,254 - INFO - Processed BS-195_4_Thorax_vens__1.0__Bv40__3.nrrd: Read: 0.24s, Header: 0.00s, Copy: 0.03s, Label Mapping: 0.59s, Write: 0.52s
2024-07-29 10:09:05,210 - INFO - Labels in BS-195_4_Thorax_vens__1.0__Bv40__3.nrrd have been changed correctly.
2024-07-29 10:09:08,903 - INFO - Processed BS-048_6_Herz__0.6__I26f__3__BestDiast_75_%.nrrd: Read: 0.54s, Header: 0.00s, Copy: 0.07s, Label Mapping: 1.25s, Write: 1.28s
2024-07-29 10:09:10,899 - INFO - Labels in BS-048_6_Herz__0.6__I26f__3__BestDiast_75_%.nrrd have been changed correctly.
2024-07-29 10:09:16,765 - INFO - Processed BS-285_7_Herz__0.6__I26f__3__55%.nrrd: Read: 0.87s, Header: 0.00s, Copy: 0.12s, Label Mapping: 2.01s, Write: 1.97s
2024-07-29 10:09:19,933 - INFO - Labels in BS-285_7_Herz__0.6__I26f__3__55%.nrrd have been changed correctly.
2024-07-29 10:09:23,171 - INFO - Processed BS-181_9_Fl_Herz__0.6__Bv40__3__65%.nrrd: Read: 0.46s, Header: 0.00s, Copy: 0.06s, Label Mapping: 1.08s, Write: 1.12s
2024-07-29 10:09:24,878 - INFO - Labels in BS-181_9_Fl_Herz__0.6__Bv40__3__65%.nrrd have been changed correctly.
2024-07-29 10:09:27,257 - INFO - Processed BS-477_6_Herz__0.6__I26f__3__60%.nrrd: Read: 0.30s, Header: 0.00s, Copy: 0.04s, Label Mapping: 0.80s, Write: 0.90s
2024-07-29 10:09:28,375 - INFO - Labels in BS-477_6_Herz__0.6__I26f__3__60%.nrrd have been changed correctly.
2024-07-29 10:09:30,518 - INFO - Processed BS-338_6_Thorax__1.0__I30f__3__40%.nrrd: Read: 0.34s, Header: 0.00s, Copy: 0.05s, Label Mapping: 0.76s, Write: 0.65s
2024-07-29 10:09:31,751 - INFO - Labels in BS-338_6_Thorax__1.0__I30f__3__40%.nrrd have been changed correctly.
2024-07-29 10:09:35,376 - INFO - Processed BS-015_9_Herz__0.6__I30f__3__60%.nrrd: Read: 0.50s, Header: 0.00s, Copy: 0.07s, Label Mapping: 1.28s, Write: 1.24s
2024-07-29 10:09:37,225 - INFO - Labels in BS-015_9_Herz__0.6__I30f__3__60%.nrrd have been changed correctly.
2024-07-29 10:09:40,597 - INFO - Processed BS-158_7_Cor__Thorax__0.6__I26f__3__BestDiast_69_%.nrrd: Read: 0.49s, Header: 0.00s, Copy: 0.07s, Label Mapping: 1.16s, Write: 1.11s
2024-07-29 10:09:42,460 - INFO - Labels in BS-158_7_Cor__Thorax__0.6__I26f__3__BestDiast_69_%.nrrd have been changed correctly.
2024-07-29 10:09:49,375 - INFO - Processed BS-483_9_Thorax__0.6__I30f__3__BestDiast_QCA_D_81_%.nrrd: Read: 1.07s, Header: 0.00s, Copy: 0.14s, Label Mapping: 2.43s, Write: 2.12s
2024-07-29 10:09:53,370 - INFO - Labels in BS-483_9_Thorax__0.6__I30f__3__BestDiast_QCA_D_81_%.nrrd have been changed correctly.
2024-07-29 10:09:55,044 - INFO - Processed BS-510_5_Fl_Thoracica__1.0__I26f__3__60%.nrrd: Read: 0.24s, Header: 0.00s, Copy: 0.03s, Label Mapping: 0.59s, Write: 0.50s
2024-07-29 10:09:55,966 - INFO - Labels in BS-510_5_Fl_Thoracica__1.0__I26f__3__60%.nrrd have been changed correctly.
2024-07-29 10:10:00,296 - INFO - Processed BS-196_9_Herz__0.6__Bv40__3__BestDiast_70_%.nrrd: Read: 0.65s, Header: 0.00s, Copy: 0.09s, Label Mapping: 1.49s, Write: 1.42s
2024-07-29 10:10:02,795 - INFO - Labels in BS-196_9_Herz__0.6__Bv40__3__BestDiast_70_%.nrrd have been changed correctly.
2024-07-29 10:10:06,521 - INFO - Processed BS-136_6_Cor__Fl_Thx-Abd__0.6__I26f__3__60%.nrrd: Read: 0.54s, Header: 0.00s, Copy: 0.08s, Label Mapping: 1.28s, Write: 1.23s
2024-07-29 10:10:08,684 - INFO - Labels in BS-136_6_Cor__Fl_Thx-Abd__0.6__I26f__3__60%.nrrd have been changed correctly.
2024-07-29 10:10:13,380 - INFO - Processed BS-355_6_Herz__0.6__I26f__3__55%.nrrd: Read: 0.65s, Header: 0.00s, Copy: 0.09s, Label Mapping: 1.65s, Write: 1.57s
2024-07-29 10:10:15,788 - INFO - Labels in BS-355_6_Herz__0.6__I26f__3__55%.nrrd have been changed correctly.
2024-07-29 10:10:18,260 - INFO - Processed BS-426_6_Herz__0.6__I26f__3__60%.nrrd: Read: 0.35s, Header: 0.00s, Copy: 0.04s, Label Mapping: 0.75s, Write: 0.87s
2024-07-29 10:10:19,489 - INFO - Labels in BS-426_6_Herz__0.6__I26f__3__60%.nrrd have been changed correctly.
2024-07-29 10:10:21,117 - INFO - Processed BS-580_5_Thorax_LE__1.0__I26f__3.nrrd: Read: 0.26s, Header: 0.00s, Copy: 0.03s, Label Mapping: 0.58s, Write: 0.50s
2024-07-29 10:10:22,039 - INFO - Labels in BS-580_5_Thorax_LE__1.0__I26f__3.nrrd have been changed correctly.
2024-07-29 10:10:27,658 - INFO - Processed BS-558_9_Thorax__0.6__I30f__3__70%_QCA_D.nrrd: Read: 0.85s, Header: 0.00s, Copy: 0.12s, Label Mapping: 2.00s, Write: 1.73s
2024-07-29 10:10:30,882 - INFO - Labels in BS-558_9_Thorax__0.6__I30f__3__70%_QCA_D.nrrd have been changed correctly.
2024-07-29 10:10:33,847 - INFO - Processed BS-186_9_Fl_Herz__0.6__Bv40__3__65%.nrrd: Read: 0.42s, Header: 0.00s, Copy: 0.06s, Label Mapping: 1.00s, Write: 1.02s
2024-07-29 10:10:35,471 - INFO - Labels in BS-186_9_Fl_Herz__0.6__Bv40__3__65%.nrrd have been changed correctly.
2024-07-29 10:10:39,414 - INFO - Processed BS-009_10_Fl_Herz__0.6__Bv40__3__65%.nrrd: Read: 0.55s, Header: 0.00s, Copy: 0.08s, Label Mapping: 1.29s, Write: 1.43s
2024-07-29 10:10:41,554 - INFO - Labels in BS-009_10_Fl_Herz__0.6__Bv40__3__65%.nrrd have been changed correctly.
2024-07-29 10:10:45,184 - INFO - Processed BS-439_401_Aorta_Gated_ax_75%_iDose_(4).nrrd: Read: 0.55s, Header: 0.00s, Copy: 0.08s, Label Mapping: 1.30s, Write: 1.12s
2024-07-29 10:10:47,248 - INFO - Labels in BS-439_401_Aorta_Gated_ax_75%_iDose_(4).nrrd have been changed correctly.
2024-07-29 10:10:49,368 - INFO - Processed BS-336_5_Thorax__1.0__I26f__3.nrrd: Read: 0.30s, Header: 0.00s, Copy: 0.04s, Label Mapping: 0.87s, Write: 0.59s
2024-07-29 10:10:50,489 - INFO - Labels in BS-336_5_Thorax__1.0__I26f__3.nrrd have been changed correctly.
2024-07-29 10:10:54,974 - INFO - Processed BS-096_6_Herz__0.6__I30f__3__60%.nrrd: Read: 0.67s, Header: 0.00s, Copy: 0.09s, Label Mapping: 1.49s, Write: 1.53s
2024-07-29 10:10:57,421 - INFO - Labels in BS-096_6_Herz__0.6__I30f__3__60%.nrrd have been changed correctly.
2024-07-29 10:11:03,039 - INFO - Processed BS-370_7_Herz__0.6__I26f__3__BestDiast_74_%.nrrd: Read: 0.86s, Header: 0.00s, Copy: 0.12s, Label Mapping: 1.93s, Write: 1.82s
2024-07-29 10:11:06,300 - INFO - Labels in BS-370_7_Herz__0.6__I26f__3__BestDiast_74_%.nrrd have been changed correctly.
2024-07-29 10:11:07,909 - INFO - Processed BS-524_8_Thoracica__1.0__I26f__3__BestDiast_66_%.nrrd: Read: 0.22s, Header: 0.00s, Copy: 0.03s, Label Mapping: 0.57s, Write: 0.51s
2024-07-29 10:11:08,801 - INFO - Labels in BS-524_8_Thoracica__1.0__I26f__3__BestDiast_66_%.nrrd have been changed correctly.
2024-07-29 10:11:10,188 - INFO - Processed BS-151_6_Abdomen_Std._Volume_1.0_arteriell_CE_cropped.nrrd: Read: 0.21s, Header: 0.00s, Copy: 0.03s, Label Mapping: 0.49s, Write: 0.44s
2024-07-29 10:11:10,973 - INFO - Labels in BS-151_6_Abdomen_Std._Volume_1.0_arteriell_CE_cropped.nrrd have been changed correctly.
2024-07-29 10:11:14,739 - INFO - Processed BS-472_7_Herz___0.6__I26f__3__40%.nrrd: Read: 0.54s, Header: 0.00s, Copy: 0.07s, Label Mapping: 1.26s, Write: 1.31s
2024-07-29 10:11:16,775 - INFO - Labels in BS-472_7_Herz___0.6__I26f__3__40%.nrrd have been changed correctly.
2024-07-29 10:11:18,336 - INFO - Processed BS-600_13_Thoracica__1.0__I26f__3__BestDiast_70_%.nrrd: Read: 0.24s, Header: 0.00s, Copy: 0.03s, Label Mapping: 0.55s, Write: 0.46s
2024-07-29 10:11:19,220 - INFO - Labels in BS-600_13_Thoracica__1.0__I26f__3__BestDiast_70_%.nrrd have been changed correctly.
2024-07-29 10:11:23,292 - INFO - Processed BS-098_10_Herz__0.6__I30f__3__60%.nrrd: Read: 0.62s, Header: 0.00s, Copy: 0.09s, Label Mapping: 1.42s, Write: 1.31s
2024-07-29 10:11:25,639 - INFO - Labels in BS-098_10_Herz__0.6__I30f__3__60%.nrrd have been changed correctly.
2024-07-29 10:11:29,877 - INFO - Processed BS-241_10_Herz__0.6__Bv40__3__70%.nrrd: Read: 0.62s, Header: 0.00s, Copy: 0.08s, Label Mapping: 1.45s, Write: 1.41s
2024-07-29 10:11:32,162 - INFO - Labels in BS-241_10_Herz__0.6__Bv40__3__70%.nrrd have been changed correctly.
2024-07-29 10:11:36,058 - INFO - Processed BS-022_7_Herz__0.6__I30f__3__60%.nrrd: Read: 0.59s, Header: 0.00s, Copy: 0.08s, Label Mapping: 1.35s, Write: 1.25s
2024-07-29 10:11:38,229 - INFO - Labels in BS-022_7_Herz__0.6__I30f__3__60%.nrrd have been changed correctly.
2024-07-29 10:11:41,895 - INFO - Processed BS-217_7_Herz__0.6__I26f__3__60%.nrrd: Read: 0.54s, Header: 0.00s, Copy: 0.07s, Label Mapping: 1.19s, Write: 1.31s
2024-07-29 10:11:43,807 - INFO - Labels in BS-217_7_Herz__0.6__I26f__3__60%.nrrd have been changed correctly.
2024-07-29 10:11:47,625 - INFO - Processed BS-330_9_Thorax__1.0__I30f__3__BestDiast_QCA_D_77_%.nrrd: Read: 0.56s, Header: 0.00s, Copy: 0.08s, Label Mapping: 1.30s, Write: 1.28s
2024-07-29 10:11:49,721 - INFO - Labels in BS-330_9_Thorax__1.0__I30f__3__BestDiast_QCA_D_77_%.nrrd have been changed correctly.
2024-07-29 10:11:52,063 - INFO - Processed BS-066_14_Angio._Thoracica__I26f__axial.nrrd: Read: 0.36s, Header: 0.00s, Copy: 0.05s, Label Mapping: 0.84s, Write: 0.71s
2024-07-29 10:11:53,405 - INFO - Labels in BS-066_14_Angio._Thoracica__I26f__axial.nrrd have been changed correctly.
2024-07-29 10:11:57,290 - INFO - Processed BS-351_14_Herz__0.6__I26f__3__BestDiast_79_%.nrrd: Read: 0.58s, Header: 0.00s, Copy: 0.08s, Label Mapping: 1.35s, Write: 1.26s
2024-07-29 10:11:59,535 - INFO - Labels in BS-351_14_Herz__0.6__I26f__3__BestDiast_79_%.nrrd have been changed correctly.
2024-07-29 10:12:02,677 - INFO - Processed BS-270_10_Herz__0.6__I26f__3__BestSyst_41_%.nrrd: Read: 0.45s, Header: 0.00s, Copy: 0.06s, Label Mapping: 1.05s, Write: 1.09s
2024-07-29 10:12:04,357 - INFO - Labels in BS-270_10_Herz__0.6__I26f__3__BestSyst_41_%.nrrd have been changed correctly.
2024-07-29 10:12:07,317 - INFO - Processed BS-148_8_Cor__Thorax__0.6__I26f__3__52%.nrrd: Read: 0.44s, Header: 0.00s, Copy: 0.06s, Label Mapping: 0.99s, Write: 1.01s
2024-07-29 10:12:08,907 - INFO - Labels in BS-148_8_Cor__Thorax__0.6__I26f__3__52%.nrrd have been changed correctly.
2024-07-29 10:12:12,942 - INFO - Processed BS-308_8_Herz__0.6__I30f__3__60%.nrrd: Read: 0.57s, Header: 0.00s, Copy: 0.08s, Label Mapping: 1.33s, Write: 1.45s
2024-07-29 10:12:15,085 - INFO - Labels in BS-308_8_Herz__0.6__I30f__3__60%.nrrd have been changed correctly.
2024-07-29 10:12:17,926 - INFO - Processed BS-325_5_Thorax__1.0__I30f__3__40%.nrrd: Read: 0.41s, Header: 0.00s, Copy: 0.06s, Label Mapping: 0.98s, Write: 0.93s
2024-07-29 10:12:19,490 - INFO - Labels in BS-325_5_Thorax__1.0__I30f__3__40%.nrrd have been changed correctly.
2024-07-29 10:12:21,537 - INFO - Processed BS-376_5_Herz__0.6__I26f__3__40%.nrrd: Read: 0.29s, Header: 0.00s, Copy: 0.04s, Label Mapping: 0.69s, Write: 0.71s
2024-07-29 10:12:22,644 - INFO - Labels in BS-376_5_Herz__0.6__I26f__3__40%.nrrd have been changed correctly.
2024-07-29 10:12:24,054 - INFO - Processed BS-116_11_Angio_Fl_Thoracica_axial___60%.nrrd: Read: 0.20s, Header: 0.00s, Copy: 0.03s, Label Mapping: 0.50s, Write: 0.46s
2024-07-29 10:12:24,827 - INFO - Labels in BS-116_11_Angio_Fl_Thoracica_axial___60%.nrrd have been changed correctly.
2024-07-29 10:12:26,723 - INFO - Processed BS-563_4_Thoracica__1.0__I26f__3__BestDiast_69_%.nrrd: Read: 0.28s, Header: 0.00s, Copy: 0.04s, Label Mapping: 0.66s, Write: 0.60s
2024-07-29 10:12:27,801 - INFO - Labels in BS-563_4_Thoracica__1.0__I26f__3__BestDiast_69_%.nrrd have been changed correctly.
2024-07-29 10:12:30,877 - INFO - Processed BS-567_5_Cor__Thorax__0.6__I26f__3__BestDiast_75_%.nrrd: Read: 0.44s, Header: 0.00s, Copy: 0.06s, Label Mapping: 1.03s, Write: 1.08s
2024-07-29 10:12:32,528 - INFO - Labels in BS-567_5_Cor__Thorax__0.6__I26f__3__BestDiast_75_%.nrrd have been changed correctly.
2024-07-29 10:12:36,242 - INFO - Processed BS-411_401_Aorta_Gated_ax_75%_iDose_(4).nrrd: Read: 0.54s, Header: 0.00s, Copy: 0.08s, Label Mapping: 1.27s, Write: 1.25s
2024-07-29 10:12:38,276 - INFO - Labels in BS-411_401_Aorta_Gated_ax_75%_iDose_(4).nrrd have been changed correctly.
2024-07-29 10:12:42,075 - INFO - Processed BS-607_8_Cor__Thorax__0.6__I26f__3__BestDiast_80_%.nrrd: Read: 0.56s, Header: 0.00s, Copy: 0.08s, Label Mapping: 1.29s, Write: 1.28s
2024-07-29 10:12:44,178 - INFO - Labels in BS-607_8_Cor__Thorax__0.6__I26f__3__BestDiast_80_%.nrrd have been changed correctly.
2024-07-29 10:12:48,343 - INFO - Processed BS-451_13_Herz__0.6__I26f__3__BestDiast_72_%.nrrd: Read: 0.60s, Header: 0.00s, Copy: 0.08s, Label Mapping: 1.46s, Write: 1.38s
2024-07-29 10:12:50,540 - INFO - Labels in BS-451_13_Herz__0.6__I26f__3__BestDiast_72_%.nrrd have been changed correctly.
2024-07-29 10:12:53,958 - INFO - Processed BS-085_6_Herz__0.6__I30f__3__60%.nrrd: Read: 0.51s, Header: 0.00s, Copy: 0.07s, Label Mapping: 1.19s, Write: 1.10s
2024-07-29 10:12:55,978 - INFO - Labels in BS-085_6_Herz__0.6__I30f__3__60%.nrrd have been changed correctly.
2024-07-29 10:12:59,476 - INFO - Processed BS-087_12_Thorax__1.0__I30f__BestSyst_QCA_D_33_%.nrrd: Read: 0.53s, Header: 0.00s, Copy: 0.07s, Label Mapping: 1.27s, Write: 1.04s
2024-07-29 10:13:01,480 - INFO - Labels in BS-087_12_Thorax__1.0__I30f__BestSyst_QCA_D_33_%.nrrd have been changed correctly.
2024-07-29 10:13:05,449 - INFO - Processed BS-282_8_Herz__0.6__I26f__3__BestDiast_69_%.nrrd: Read: 0.60s, Header: 0.00s, Copy: 0.08s, Label Mapping: 1.37s, Write: 1.28s
2024-07-29 10:13:07,665 - INFO - Labels in BS-282_8_Herz__0.6__I26f__3__BestDiast_69_%.nrrd have been changed correctly.
2024-07-29 10:13:08,416 - INFO - Processed BS-3399_7_Thorax__5.0__I30f__3__40%.nrrd: Read: 0.10s, Header: 0.00s, Copy: 0.01s, Label Mapping: 0.27s, Write: 0.24s
2024-07-29 10:13:08,826 - INFO - Labels in BS-3399_7_Thorax__5.0__I30f__3__40%.nrrd have been changed correctly.
2024-07-29 10:13:12,892 - INFO - Processed BS-010_10_Fl_Herz__0.6__Bv40__3__65%.nrrd: Read: 0.61s, Header: 0.00s, Copy: 0.09s, Label Mapping: 1.41s, Write: 1.31s
2024-07-29 10:13:15,172 - INFO - Labels in BS-010_10_Fl_Herz__0.6__Bv40__3__65%.nrrd have been changed correctly.
2024-07-29 10:13:18,115 - INFO - Processed BS-482_7_Herz__0.6__I26f__3__BestDiast_82_%.nrrd: Read: 0.42s, Header: 0.00s, Copy: 0.06s, Label Mapping: 1.00s, Write: 0.99s
2024-07-29 10:13:19,718 - INFO - Labels in BS-482_7_Herz__0.6__I26f__3__BestDiast_82_%.nrrd have been changed correctly.
2024-07-29 10:13:23,504 - INFO - Processed BS-067_10_Herz___0.6__I26f__3__40%.nrrd: Read: 0.57s, Header: 0.00s, Copy: 0.08s, Label Mapping: 1.31s, Write: 1.21s
2024-07-29 10:13:25,651 - INFO - Labels in BS-067_10_Herz___0.6__I26f__3__40%.nrrd have been changed correctly.
2024-07-29 10:13:28,334 - INFO - Processed BS-141_13_Fl_Thorax_TAVI_EKG__1.0__I50f__60%_LCAD.nrrd: Read: 0.40s, Header: 0.00s, Copy: 0.06s, Label Mapping: 1.00s, Write: 0.79s
2024-07-29 10:13:29,851 - INFO - Labels in BS-141_13_Fl_Thorax_TAVI_EKG__1.0__I50f__60%_LCAD.nrrd have been changed correctly.
2024-07-29 10:13:32,823 - INFO - Processed BS-374_13_Herz__0.6__I26f__3__BestDiast_73_%.nrrd: Read: 0.43s, Header: 0.00s, Copy: 0.06s, Label Mapping: 1.02s, Write: 0.99s
2024-07-29 10:13:34,453 - INFO - Labels in BS-374_13_Herz__0.6__I26f__3__BestDiast_73_%.nrrd have been changed correctly.
2024-07-29 10:13:36,464 - INFO - Processed BS-247_5_Fl_Herz__0.6__Bv40__3__65%.nrrd: Read: 0.30s, Header: 0.00s, Copy: 0.04s, Label Mapping: 0.71s, Write: 0.64s
2024-07-29 10:13:37,595 - INFO - Labels in BS-247_5_Fl_Herz__0.6__Bv40__3__65%.nrrd have been changed correctly.
2024-07-29 10:13:42,305 - INFO - Processed BS-264_12_Thoracica__0.6__I26f__3__BestDiast_83_%.nrrd: Read: 0.67s, Header: 0.00s, Copy: 0.09s, Label Mapping: 1.56s, Write: 1.66s
2024-07-29 10:13:44,811 - INFO - Labels in BS-264_12_Thoracica__0.6__I26f__3__BestDiast_83_%.nrrd have been changed correctly.
2024-07-29 10:13:47,715 - INFO - Processed BS-243_15_Thorax_LF_Std._Volumen_1.0_CTA_CE_Vol..nrrd: Read: 0.43s, Header: 0.00s, Copy: 0.06s, Label Mapping: 1.07s, Write: 0.86s
2024-07-29 10:13:49,342 - INFO - Labels in BS-243_15_Thorax_LF_Std._Volumen_1.0_CTA_CE_Vol..nrrd have been changed correctly.
2024-07-29 10:13:51,704 - INFO - Processed BS-512_402_PARENCHYME_ART_iDose_(3).nrrd: Read: 0.33s, Header: 0.00s, Copy: 0.05s, Label Mapping: 0.91s, Write: 0.71s
2024-07-29 10:13:53,053 - INFO - Labels in BS-512_402_PARENCHYME_ART_iDose_(3).nrrd have been changed correctly.
2024-07-29 10:13:56,534 - INFO - Processed BS-579_6_QCA__Fl_Thx-Abd__0.6__I26f__3__60%.nrrd: Read: 0.51s, Header: 0.00s, Copy: 0.07s, Label Mapping: 1.20s, Write: 1.16s
2024-07-29 10:13:58,423 - INFO - Labels in BS-579_6_QCA__Fl_Thx-Abd__0.6__I26f__3__60%.nrrd have been changed correctly.
2024-07-29 10:14:00,208 - INFO - Processed BS-421_8_HALF_304ms_0.94s_Cardiac_Koronarien_0.5_CTA_-KM_80_ml-HALF_CE.nrrd: Read: 0.24s, Header: 0.00s, Copy: 0.03s, Label Mapping: 0.58s, Write: 0.65s
2024-07-29 10:14:01,115 - INFO - Labels in BS-421_8_HALF_304ms_0.94s_Cardiac_Koronarien_0.5_CTA_-KM_80_ml-HALF_CE.nrrd have been changed correctly.
2024-07-29 10:14:02,215 - INFO - Processed BS-155_7_DS_CorAdSeq__1.0__I30f__3__BestDiast_76_%.nrrd: Read: 0.15s, Header: 0.00s, Copy: 0.02s, Label Mapping: 0.40s, Write: 0.36s
2024-07-29 10:14:02,791 - INFO - Labels in BS-155_7_DS_CorAdSeq__1.0__I30f__3__BestDiast_76_%.nrrd have been changed correctly.
2024-07-29 10:14:04,378 - INFO - Processed BS-354_8_Fl_Thoracica__1.0__I26f__3__60%.nrrd: Read: 0.22s, Header: 0.00s, Copy: 0.03s, Label Mapping: 0.58s, Write: 0.53s
2024-07-29 10:14:05,242 - INFO - Labels in BS-354_8_Fl_Thoracica__1.0__I26f__3__60%.nrrd have been changed correctly.
2024-07-29 10:14:08,837 - INFO - Processed BS-182_6_Fl_Herz__0.6__Bv40__3__65%.nrrd: Read: 0.49s, Header: 0.00s, Copy: 0.07s, Label Mapping: 1.14s, Write: 1.28s
2024-07-29 10:14:10,672 - INFO - Labels in BS-182_6_Fl_Herz__0.6__Bv40__3__65%.nrrd have been changed correctly.
2024-07-29 10:14:15,112 - INFO - Processed BS-534_7_Cor__Fl_Thx-Abd__0.6__I26f__3__60%.nrrd: Read: 0.61s, Header: 0.00s, Copy: 0.08s, Label Mapping: 1.43s, Write: 1.66s
2024-07-29 10:14:17,417 - INFO - Labels in BS-534_7_Cor__Fl_Thx-Abd__0.6__I26f__3__60%.nrrd have been changed correctly.
2024-07-29 10:14:21,420 - INFO - Processed BS-334_13_Herz__0.6__I26f__3__BestDiast_83_%.nrrd: Read: 0.60s, Header: 0.00s, Copy: 0.08s, Label Mapping: 1.25s, Write: 1.48s
2024-07-29 10:14:23,447 - INFO - Labels in BS-334_13_Herz__0.6__I26f__3__BestDiast_83_%.nrrd have been changed correctly.
2024-07-29 10:14:27,703 - INFO - Processed BS-365_5_Herz__0.6__I26f__BestSyst_41_%.nrrd: Read: 0.69s, Header: 0.00s, Copy: 0.08s, Label Mapping: 1.44s, Write: 1.31s
2024-07-29 10:14:29,932 - INFO - Labels in BS-365_5_Herz__0.6__I26f__BestSyst_41_%.nrrd have been changed correctly.
2024-07-29 10:14:33,278 - INFO - Processed BS-145_8_QCA__Fl_TAVI_EKG__0.6__I26f__60%.nrrd: Read: 0.44s, Header: 0.00s, Copy: 0.06s, Label Mapping: 1.04s, Write: 1.30s
2024-07-29 10:14:35,001 - INFO - Labels in BS-145_8_QCA__Fl_TAVI_EKG__0.6__I26f__60%.nrrd have been changed correctly.
2024-07-29 10:14:36,793 - INFO - Processed BS-348_6_Fl_Thoracica__1.0__I26f__3__60%.nrrd: Read: 0.26s, Header: 0.00s, Copy: 0.04s, Label Mapping: 0.65s, Write: 0.57s
2024-07-29 10:14:37,810 - INFO - Labels in BS-348_6_Fl_Thoracica__1.0__I26f__3__60%.nrrd have been changed correctly.
2024-07-29 10:14:39,292 - INFO - Processed BS-138_7_Thoracica__1.0__I26f__3__80%.nrrd: Read: 0.21s, Header: 0.00s, Copy: 0.03s, Label Mapping: 0.53s, Write: 0.48s
2024-07-29 10:14:40,114 - INFO - Labels in BS-138_7_Thoracica__1.0__I26f__3__80%.nrrd have been changed correctly.
2024-07-29 10:14:44,368 - INFO - Processed BS-573_8_Cor__Thorax__0.6__I26f__3__BestDiast_78_%.nrrd: Read: 0.64s, Header: 0.00s, Copy: 0.08s, Label Mapping: 1.43s, Write: 1.44s
2024-07-29 10:14:46,658 - INFO - Labels in BS-573_8_Cor__Thorax__0.6__I26f__3__BestDiast_78_%.nrrd have been changed correctly.
2024-07-29 10:14:46,766 - INFO - Processed BS-401_8_Fl_Th-Abd_Ang__3.0__cor_cropped.nrrd: Read: 0.01s, Header: 0.00s, Copy: 0.00s, Label Mapping: 0.02s, Write: 0.04s
2024-07-29 10:14:46,793 - INFO - Labels in BS-401_8_Fl_Th-Abd_Ang__3.0__cor_cropped.nrrd have been changed correctly.
2024-07-29 10:14:50,453 - INFO - Processed BS-092_8_Herz__0.6__I26f__BestSyst_38_%.nrrd: Read: 0.56s, Header: 0.00s, Copy: 0.08s, Label Mapping: 1.28s, Write: 1.17s
2024-07-29 10:14:52,549 - INFO - Labels in BS-092_8_Herz__0.6__I26f__BestSyst_38_%.nrrd have been changed correctly.
2024-07-29 10:14:56,230 - INFO - Processed BS-279_6_Herz__0.6__I26f__3__60%.nrrd: Read: 0.54s, Header: 0.00s, Copy: 0.08s, Label Mapping: 1.27s, Write: 1.21s
2024-07-29 10:14:58,303 - INFO - Labels in BS-279_6_Herz__0.6__I26f__3__60%.nrrd have been changed correctly.
2024-07-29 10:15:02,310 - INFO - Processed BS-207_8_Herz__0.6__I26f__3__BestSyst_41_%.nrrd: Read: 0.56s, Header: 0.00s, Copy: 0.08s, Label Mapping: 1.28s, Write: 1.50s
2024-07-29 10:15:04,367 - INFO - Labels in BS-207_8_Herz__0.6__I26f__3__BestSyst_41_%.nrrd have been changed correctly.
2024-07-29 10:15:06,557 - INFO - Processed BS-429_7_Thorax_LF_Std._Volumen_1.0_KM_60_ml_CE_Vol..nrrd: Read: 0.32s, Header: 0.00s, Copy: 0.05s, Label Mapping: 0.78s, Write: 0.68s
2024-07-29 10:15:07,799 - INFO - Labels in BS-429_7_Thorax_LF_Std._Volumen_1.0_KM_60_ml_CE_Vol..nrrd have been changed correctly.
2024-07-29 10:15:08,638 - INFO - Processed BS-433_6_Thoracica__1.0__I26f__3__80%.nrrd: Read: 0.11s, Header: 0.00s, Copy: 0.01s, Label Mapping: 0.29s, Write: 0.30s
2024-07-29 10:15:09,087 - INFO - Labels in BS-433_6_Thoracica__1.0__I26f__3__80%.nrrd have been changed correctly.
2024-07-29 10:15:14,396 - INFO - Processed BS-072_8_Thoracica__0.6__I26f__3__80%.nrrd: Read: 0.82s, Header: 0.00s, Copy: 0.11s, Label Mapping: 1.93s, Write: 1.60s
2024-07-29 10:15:17,472 - INFO - Labels in BS-072_8_Thoracica__0.6__I26f__3__80%.nrrd have been changed correctly.
2024-07-29 10:15:19,011 - INFO - Processed BS-121_5_Thorax_Routine__1.0__I26f__3.nrrd: Read: 0.22s, Header: 0.00s, Copy: 0.03s, Label Mapping: 0.55s, Write: 0.46s
2024-07-29 10:15:19,888 - INFO - Labels in BS-121_5_Thorax_Routine__1.0__I26f__3.nrrd have been changed correctly.
2024-07-29 10:15:20,416 - INFO - Processed BS-556_6_Thx-Abd_Angio__1.0___I26f__3_Weichteil_cropped.nrrd: Read: 0.06s, Header: 0.00s, Copy: 0.01s, Label Mapping: 0.18s, Write: 0.21s
2024-07-29 10:15:20,634 - INFO - Labels in BS-556_6_Thx-Abd_Angio__1.0___I26f__3_Weichteil_cropped.nrrd have been changed correctly.
2024-07-29 10:15:24,006 - INFO - Processed BS-442_403_Herz_75%_iDose_(4).nrrd: Read: 0.54s, Header: 0.00s, Copy: 0.07s, Label Mapping: 1.17s, Write: 1.06s
2024-07-29 10:15:25,794 - INFO - Labels in BS-442_403_Herz_75%_iDose_(4).nrrd have been changed correctly.
2024-07-29 10:15:29,875 - INFO - Processed BS-459_8_Herz__0.6__I30f__3__60%.nrrd: Read: 0.61s, Header: 0.00s, Copy: 0.08s, Label Mapping: 1.38s, Write: 1.36s
2024-07-29 10:15:32,118 - INFO - Labels in BS-459_8_Herz__0.6__I30f__3__60%.nrrd have been changed correctly.
2024-07-29 10:15:34,711 - INFO - Processed BS-044_6_Herz__0.6__I26f__3__60%.nrrd: Read: 0.37s, Header: 0.00s, Copy: 0.05s, Label Mapping: 0.88s, Write: 0.88s
2024-07-29 10:15:36,111 - INFO - Labels in BS-044_6_Herz__0.6__I26f__3__60%.nrrd have been changed correctly.
2024-07-29 10:15:39,424 - INFO - Processed BS-144_13_Cor__Thorax__0.6__I26f__3__BestDiast_70_%.nrrd: Read: 0.49s, Header: 0.00s, Copy: 0.07s, Label Mapping: 1.16s, Write: 1.08s
2024-07-29 10:15:41,273 - INFO - Labels in BS-144_13_Cor__Thorax__0.6__I26f__3__BestDiast_70_%.nrrd have been changed correctly.
2024-07-29 10:15:43,875 - INFO - Processed BS-179_8_Fl_Herz__0.6__Bv40__3__65%.nrrd: Read: 0.36s, Header: 0.00s, Copy: 0.05s, Label Mapping: 0.85s, Write: 0.94s
2024-07-29 10:15:45,220 - INFO - Labels in BS-179_8_Fl_Herz__0.6__Bv40__3__65%.nrrd have been changed correctly.
2024-07-29 10:15:49,265 - INFO - Processed BS-458_10_Herz__0.6__I26f__BestSyst_38_%.nrrd: Read: 0.59s, Header: 0.00s, Copy: 0.10s, Label Mapping: 1.35s, Write: 1.40s
2024-07-29 10:15:51,506 - INFO - Labels in BS-458_10_Herz__0.6__I26f__BestSyst_38_%.nrrd have been changed correctly.
2024-07-29 10:16:00,433 - INFO - Processed BS-540_9_Thorax__0.6__I30f__3__70%_QCA_D.nrrd: Read: 1.37s, Header: 0.00s, Copy: 0.19s, Label Mapping: 3.18s, Write: 2.75s
2024-07-29 10:16:05,515 - INFO - Labels in BS-540_9_Thorax__0.6__I30f__3__70%_QCA_D.nrrd have been changed correctly.
2024-07-29 10:16:10,418 - INFO - Processed BS-441_10_Herz___0.6__I26f__3__40%.nrrd: Read: 0.68s, Header: 0.00s, Copy: 0.09s, Label Mapping: 1.67s, Write: 1.67s
2024-07-29 10:16:12,887 - INFO - Labels in BS-441_10_Herz___0.6__I26f__3__40%.nrrd have been changed correctly.
2024-07-29 10:16:16,537 - INFO - Processed BS-140_9_Fl_Herz__0.6__Bv40__3__65%.nrrd: Read: 0.53s, Header: 0.00s, Copy: 0.07s, Label Mapping: 1.21s, Write: 1.29s
2024-07-29 10:16:18,459 - INFO - Labels in BS-140_9_Fl_Herz__0.6__Bv40__3__65%.nrrd have been changed correctly.
2024-07-29 10:16:21,212 - INFO - Processed BS-324_5_Thorax__1.0__I30f__3__40%.nrrd: Read: 0.41s, Header: 0.00s, Copy: 0.06s, Label Mapping: 0.96s, Write: 0.88s
2024-07-29 10:16:22,755 - INFO - Labels in BS-324_5_Thorax__1.0__I30f__3__40%.nrrd have been changed correctly.
2024-07-29 10:16:24,766 - INFO - Processed BS-031_11_Herz__0.6__I26f__3__BestDiast_69_%.nrrd: Read: 0.28s, Header: 0.00s, Copy: 0.04s, Label Mapping: 0.68s, Write: 0.69s
2024-07-29 10:16:25,840 - INFO - Labels in BS-031_11_Herz__0.6__I26f__3__BestDiast_69_%.nrrd have been changed correctly.
2024-07-29 10:16:29,704 - INFO - Processed BS-016_18_Fl_Herz__0.6__Bv40__3__65%.nrrd: Read: 0.58s, Header: 0.00s, Copy: 0.08s, Label Mapping: 1.34s, Write: 1.24s
2024-07-29 10:16:31,912 - INFO - Labels in BS-016_18_Fl_Herz__0.6__Bv40__3__65%.nrrd have been changed correctly.
2024-07-29 10:16:33,706 - INFO - Processed BS-076_9_Fl_Thoracica__1.0__I26f__3__60%.nrrd: Read: 0.26s, Header: 0.00s, Copy: 0.05s, Label Mapping: 0.62s, Write: 0.56s
2024-07-29 10:16:34,714 - INFO - Labels in BS-076_9_Fl_Thoracica__1.0__I26f__3__60%.nrrd have been changed correctly.
2024-07-29 10:16:40,421 - INFO - Processed BS-593_6_Thorax__0.6__I26f__3__BestDiast_QCA_D_67_%.nrrd: Read: 0.90s, Header: 0.00s, Copy: 0.12s, Label Mapping: 2.04s, Write: 1.69s
2024-07-29 10:16:43,694 - INFO - Labels in BS-593_6_Thorax__0.6__I26f__3__BestDiast_QCA_D_67_%.nrrd have been changed correctly.
2024-07-29 10:16:47,269 - INFO - Processed BS-532_5_Cor__Fl_Thx-Abd__0.6__I26f__3__60%.nrrd: Read: 0.51s, Header: 0.00s, Copy: 0.07s, Label Mapping: 1.23s, Write: 1.19s
2024-07-29 10:16:49,177 - INFO - Labels in BS-532_5_Cor__Fl_Thx-Abd__0.6__I26f__3__60%.nrrd have been changed correctly.
2024-07-29 10:16:52,679 - INFO - Processed BS-281_501_AORTE_INJECTE_iDose_(4).nrrd: Read: 0.52s, Header: 0.00s, Copy: 0.07s, Label Mapping: 1.24s, Write: 1.09s
2024-07-29 10:16:54,682 - INFO - Labels in BS-281_501_AORTE_INJECTE_iDose_(4).nrrd have been changed correctly.
2024-07-29 10:16:56,223 - INFO - Processed BS-504_6_Fl_Thoracica__1.0__I26f__3__60%.nrrd: Read: 0.22s, Header: 0.00s, Copy: 0.03s, Label Mapping: 0.55s, Write: 0.47s
2024-07-29 10:16:57,096 - INFO - Labels in BS-504_6_Fl_Thoracica__1.0__I26f__3__60%.nrrd have been changed correctly.
2024-07-29 10:16:58,465 - INFO - Processed BS-164_7_Thoracica__1.0__I50f__3__BestDiast_LCAD_80_%.nrrd: Read: 0.20s, Header: 0.00s, Copy: 0.03s, Label Mapping: 0.49s, Write: 0.43s
2024-07-29 10:16:59,263 - INFO - Labels in BS-164_7_Thoracica__1.0__I50f__3__BestDiast_LCAD_80_%.nrrd have been changed correctly.
2024-07-29 10:17:02,885 - INFO - Processed BS-386_7_Herz__0.6__I30f__3__60%.nrrd: Read: 0.50s, Header: 0.00s, Copy: 0.07s, Label Mapping: 1.19s, Write: 1.33s
2024-07-29 10:17:04,748 - INFO - Labels in BS-386_7_Herz__0.6__I30f__3__60%.nrrd have been changed correctly.
2024-07-29 10:17:06,215 - INFO - Processed BS-120_5_Thoracica__1.0__I26f__3__80%.nrrd: Read: 0.21s, Header: 0.00s, Copy: 0.03s, Label Mapping: 0.52s, Write: 0.46s
2024-07-29 10:17:07,053 - INFO - Labels in BS-120_5_Thoracica__1.0__I26f__3__80%.nrrd have been changed correctly.
2024-07-29 10:17:10,325 - INFO - Processed BS-216_7_Herz__0.6__I26f__3__BestDiast_68_%.nrrd: Read: 0.49s, Header: 0.00s, Copy: 0.07s, Label Mapping: 1.14s, Write: 1.05s
2024-07-29 10:17:12,153 - INFO - Labels in BS-216_7_Herz__0.6__I26f__3__BestDiast_68_%.nrrd have been changed correctly.
2024-07-29 10:17:16,156 - INFO - Processed BS-215_6_Herz__0.6__I26f__3__BestDiast_67_%.nrrd: Read: 0.55s, Header: 0.00s, Copy: 0.08s, Label Mapping: 1.29s, Write: 1.47s
2024-07-29 10:17:18,266 - INFO - Labels in BS-215_6_Herz__0.6__I26f__3__BestDiast_67_%.nrrd have been changed correctly.
2024-07-29 10:17:19,968 - INFO - Processed BS-083_10_Angio_Fl_Thoracica_axial___60%.nrrd: Read: 0.25s, Header: 0.00s, Copy: 0.04s, Label Mapping: 0.59s, Write: 0.55s
2024-07-29 10:17:20,907 - INFO - Labels in BS-083_10_Angio_Fl_Thoracica_axial___60%.nrrd have been changed correctly.
2024-07-29 10:17:25,719 - INFO - Processed BS-390_9_Herz___0.6__I26f__3__40%.nrrd: Read: 0.73s, Header: 0.00s, Copy: 0.10s, Label Mapping: 1.68s, Write: 1.54s
2024-07-29 10:17:28,458 - INFO - Labels in BS-390_9_Herz___0.6__I26f__3__40%.nrrd have been changed correctly.
2024-07-29 10:17:29,532 - INFO - Processed BS-132_8_QCA_D__Thorax__1.0__I50f__3_LCAD_43_%.nrrd: Read: 0.14s, Header: 0.00s, Copy: 0.02s, Label Mapping: 0.37s, Write: 0.35s
2024-07-29 10:17:30,105 - INFO - Labels in BS-132_8_QCA_D__Thorax__1.0__I50f__3_LCAD_43_%.nrrd have been changed correctly.
2024-07-29 10:17:30,841 - INFO - Processed BS-424_6_Thoracica__5.0__I26f__3__BestDiast_71_%.nrrd: Read: 0.09s, Header: 0.00s, Copy: 0.01s, Label Mapping: 0.27s, Write: 0.27s
2024-07-29 10:17:31,190 - INFO - Labels in BS-424_6_Thoracica__5.0__I26f__3__BestDiast_71_%.nrrd have been changed correctly.
2024-07-29 10:17:36,178 - INFO - Processed BS-603_8_Thorax__0.6__I26f__3__BestDiast_QCA_D_73_%.nrrd: Read: 0.77s, Header: 0.00s, Copy: 0.10s, Label Mapping: 1.78s, Write: 1.53s
2024-07-29 10:17:39,080 - INFO - Labels in BS-603_8_Thorax__0.6__I26f__3__BestDiast_QCA_D_73_%.nrrd have been changed correctly.
2024-07-29 10:17:39,761 - INFO - Processed BS-361_9_Fl_Thoracica__5.0__I26f__3__60%.nrrd: Read: 0.08s, Header: 0.00s, Copy: 0.01s, Label Mapping: 0.22s, Write: 0.25s
2024-07-29 10:17:40,142 - INFO - Labels in BS-361_9_Fl_Thoracica__5.0__I26f__3__60%.nrrd have been changed correctly.
2024-07-29 10:17:44,417 - INFO - Processed BS-577_5_Cor__Thorax__0.6__I26f__3__BestDiast_67_%.nrrd: Read: 0.59s, Header: 0.00s, Copy: 0.09s, Label Mapping: 1.46s, Write: 1.50s
2024-07-29 10:17:46,615 - INFO - Labels in BS-577_5_Cor__Thorax__0.6__I26f__3__BestDiast_67_%.nrrd have been changed correctly.
2024-07-29 10:17:51,125 - INFO - Processed BS-402_12_Herz__0.6__I26f__3__BestDiast_70_%.nrrd: Read: 0.65s, Header: 0.00s, Copy: 0.09s, Label Mapping: 1.53s, Write: 1.56s
2024-07-29 10:17:53,553 - INFO - Labels in BS-402_12_Herz__0.6__I26f__3__BestDiast_70_%.nrrd have been changed correctly.
2024-07-29 10:17:56,759 - INFO - Processed BS-545_7_Cor__Thorax__0.6__I26f__3__70%.nrrd: Read: 0.49s, Header: 0.00s, Copy: 0.07s, Label Mapping: 1.10s, Write: 1.03s
2024-07-29 10:17:58,521 - INFO - Labels in BS-545_7_Cor__Thorax__0.6__I26f__3__70%.nrrd have been changed correctly.
2024-07-29 10:18:02,286 - INFO - Processed BS-393_8_Herz__0.6__I26f__3__BestDiast_68_%.nrrd: Read: 0.55s, Header: 0.00s, Copy: 0.07s, Label Mapping: 1.26s, Write: 1.30s
2024-07-29 10:18:04,328 - INFO - Labels in BS-393_8_Herz__0.6__I26f__3__BestDiast_68_%.nrrd have been changed correctly.
2024-07-29 10:18:05,918 - INFO - Processed BS-456_5_Thoracica__1.0__I26f__3__80%.nrrd: Read: 0.22s, Header: 0.00s, Copy: 0.03s, Label Mapping: 0.56s, Write: 0.52s
2024-07-29 10:18:06,790 - INFO - Labels in BS-456_5_Thoracica__1.0__I26f__3__80%.nrrd have been changed correctly.
2024-07-29 10:18:07,461 - INFO - Processed BS-149_9_Fl_Th-Abd_Art__2.0__cor_-_imageType_DERIVED-PRIMARY-AXIAL-CT_SOM5_MPR-STD-SNRG-DET_AB.nrrd: Read: 0.08s, Header: 0.00s, Copy: 0.01s, Label Mapping: 0.25s, Write: 0.23s
2024-07-29 10:18:07,811 - INFO - Labels in BS-149_9_Fl_Th-Abd_Art__2.0__cor_-_imageType_DERIVED-PRIMARY-AXIAL-CT_SOM5_MPR-STD-SNRG-DET_AB.nrrd have been changed correctly.
2024-07-29 10:18:12,125 - INFO - Processed BS-082_6_Herz__0.6__I30f__3__60%.nrrd: Read: 0.66s, Header: 0.00s, Copy: 0.09s, Label Mapping: 1.55s, Write: 1.38s
2024-07-29 10:18:14,422 - INFO - Labels in BS-082_6_Herz__0.6__I30f__3__60%.nrrd have been changed correctly.
2024-07-29 10:18:17,899 - INFO - Processed BS-180_8_Fl_Herz__0.6__Bv40__3__65%.nrrd: Read: 0.52s, Header: 0.00s, Copy: 0.07s, Label Mapping: 1.21s, Write: 1.13s
2024-07-29 10:18:19,846 - INFO - Labels in BS-180_8_Fl_Herz__0.6__Bv40__3__65%.nrrd have been changed correctly.
2024-07-29 10:18:22,842 - INFO - Processed BS-288_9_Herz__0.6__I26f__3__BestDiast_81_%.nrrd: Read: 0.41s, Header: 0.00s, Copy: 0.06s, Label Mapping: 1.00s, Write: 1.07s
2024-07-29 10:18:24,412 - INFO - Labels in BS-288_9_Herz__0.6__I26f__3__BestDiast_81_%.nrrd have been changed correctly.
2024-07-29 10:18:28,276 - INFO - Processed BS-306_10_Herz__0.6__I26f__3__BestDiast_70_%.nrrd: Read: 0.55s, Header: 0.00s, Copy: 0.08s, Label Mapping: 1.29s, Write: 1.34s
2024-07-29 10:18:30,379 - INFO - Labels in BS-306_10_Herz__0.6__I26f__3__BestDiast_70_%.nrrd have been changed correctly.
2024-07-29 10:18:35,438 - INFO - Processed BS-559_6_Thorax__0.6__I30f__3__BestDiast_QCA_D_79_%.nrrd: Read: 0.78s, Header: 0.00s, Copy: 0.11s, Label Mapping: 1.79s, Write: 1.55s
2024-07-29 10:18:38,307 - INFO - Labels in BS-559_6_Thorax__0.6__I30f__3__BestDiast_QCA_D_79_%.nrrd have been changed correctly.
2024-07-29 10:18:40,047 - INFO - Processed BS-286_6_Gefsse_art.__1.5___I30f_cropped.nrrd: Read: 0.25s, Header: 0.00s, Copy: 0.04s, Label Mapping: 0.61s, Write: 0.55s
2024-07-29 10:18:40,997 - INFO - Labels in BS-286_6_Gefsse_art.__1.5___I30f_cropped.nrrd have been changed correctly.
2024-07-29 10:18:44,373 - INFO - Processed BS-419_9_Herz__0.6__I30f__3__60%.nrrd: Read: 0.47s, Header: 0.00s, Copy: 0.07s, Label Mapping: 1.11s, Write: 1.22s
2024-07-29 10:18:46,196 - INFO - Labels in BS-419_9_Herz__0.6__I30f__3__60%.nrrd have been changed correctly.
2024-07-29 10:18:49,305 - INFO - Processed BS-418_11_Herz__0.6__I26f__3__BestSyst_40_%.nrrd: Read: 0.43s, Header: 0.00s, Copy: 0.06s, Label Mapping: 1.01s, Write: 1.14s
2024-07-29 10:18:50,926 - INFO - Labels in BS-418_11_Herz__0.6__I26f__3__BestSyst_40_%.nrrd have been changed correctly.
2024-07-29 10:18:55,221 - INFO - Processed BS-201_13_Fl_Herz__0.6__Bv40__3__65%.nrrd: Read: 0.62s, Header: 0.00s, Copy: 0.09s, Label Mapping: 1.44s, Write: 1.50s
2024-07-29 10:18:57,511 - INFO - Labels in BS-201_13_Fl_Herz__0.6__Bv40__3__65%.nrrd have been changed correctly.
2024-07-29 10:19:01,674 - INFO - Processed BS-460_6_Herz__0.6__I26f__3__BestDiast_67_%.nrrd: Read: 0.61s, Header: 0.00s, Copy: 0.08s, Label Mapping: 1.42s, Write: 1.39s
2024-07-29 10:19:03,915 - INFO - Labels in BS-460_6_Herz__0.6__I26f__3__BestDiast_67_%.nrrd have been changed correctly.
2024-07-29 10:19:08,419 - INFO - Processed BS-013_5_Fl_Herz__0.6__Bv40__3__65%.nrrd: Read: 0.68s, Header: 0.00s, Copy: 0.09s, Label Mapping: 1.56s, Write: 1.45s
2024-07-29 10:19:10,901 - INFO - Labels in BS-013_5_Fl_Herz__0.6__Bv40__3__65%.nrrd have been changed correctly.
2024-07-29 10:19:11,500 - INFO - Processed BS-435_6_Thoracica__5.0__I26f__3__BestDiast_78_%.nrrd: Read: 0.08s, Header: 0.00s, Copy: 0.01s, Label Mapping: 0.21s, Write: 0.20s
2024-07-29 10:19:11,810 - INFO - Labels in BS-435_6_Thoracica__5.0__I26f__3__BestDiast_78_%.nrrd have been changed correctly.
2024-07-29 10:19:14,901 - INFO - Processed BS-434_6_Herz__0.6__I26f__3__60%.nrrd: Read: 0.43s, Header: 0.00s, Copy: 0.06s, Label Mapping: 1.01s, Write: 1.15s
2024-07-29 10:19:16,500 - INFO - Labels in BS-434_6_Herz__0.6__I26f__3__60%.nrrd have been changed correctly.
2024-07-29 10:19:19,838 - INFO - Processed BS-202_9_Herz__0.6__I30f__3__60%.nrrd: Read: 0.48s, Header: 0.00s, Copy: 0.07s, Label Mapping: 1.14s, Write: 1.14s
2024-07-29 10:19:21,642 - INFO - Labels in BS-202_9_Herz__0.6__I30f__3__60%.nrrd have been changed correctly.
2024-07-29 10:19:23,201 - INFO - Processed BS-570_6_Fl_Thoracica__1.0__I26f__3__60%.nrrd: Read: 0.22s, Header: 0.00s, Copy: 0.03s, Label Mapping: 0.54s, Write: 0.51s
2024-07-29 10:19:24,058 - INFO - Labels in BS-570_6_Fl_Thoracica__1.0__I26f__3__60%.nrrd have been changed correctly.
2024-07-29 10:19:27,647 - INFO - Processed BS-057_10_Herz__0.6__I26f__3__BestSyst_41_%.nrrd: Read: 0.53s, Header: 0.00s, Copy: 0.07s, Label Mapping: 1.23s, Write: 1.20s
2024-07-29 10:19:29,681 - INFO - Labels in BS-057_10_Herz__0.6__I26f__3__BestSyst_41_%.nrrd have been changed correctly.
2024-07-29 10:19:32,105 - INFO - Processed BS-152_7_Thx_angio_fines_1.0__B20f.nrrd: Read: 0.37s, Header: 0.00s, Copy: 0.05s, Label Mapping: 0.87s, Write: 0.73s
2024-07-29 10:19:33,483 - INFO - Labels in BS-152_7_Thx_angio_fines_1.0__B20f.nrrd have been changed correctly.
2024-07-29 10:19:36,967 - INFO - Processed BS-585_6_Cor__Thorax__0.6__I26f__3__BestDiast_71_%.nrrd: Read: 0.47s, Header: 0.00s, Copy: 0.06s, Label Mapping: 1.08s, Write: 1.37s
2024-07-29 10:19:38,707 - INFO - Labels in BS-585_6_Cor__Thorax__0.6__I26f__3__BestDiast_71_%.nrrd have been changed correctly.
2024-07-29 10:19:41,729 - INFO - Processed BS-572_7_Thoracica__1.0__I30f__3__BestDiast_71_%.nrrd: Read: 0.45s, Header: 0.00s, Copy: 0.06s, Label Mapping: 1.06s, Write: 0.96s
2024-07-29 10:19:43,419 - INFO - Labels in BS-572_7_Thoracica__1.0__I30f__3__BestDiast_71_%.nrrd have been changed correctly.
2024-07-29 10:19:45,081 - INFO - Processed BS-059_5_Thoracica__1.0__I26f__3__80%.nrrd: Read: 0.24s, Header: 0.00s, Copy: 0.03s, Label Mapping: 0.58s, Write: 0.52s
2024-07-29 10:19:46,029 - INFO - Labels in BS-059_5_Thoracica__1.0__I26f__3__80%.nrrd have been changed correctly.
2024-07-29 10:19:49,842 - INFO - Processed BS-030_10_Herz__0.6__I30f__3__60%.nrrd: Read: 0.58s, Header: 0.00s, Copy: 0.08s, Label Mapping: 1.34s, Write: 1.21s
2024-07-29 10:19:52,003 - INFO - Labels in BS-030_10_Herz__0.6__I30f__3__60%.nrrd have been changed correctly.
2024-07-29 10:19:53,638 - INFO - Processed BS-431_5_Thoracica__1.0__I26f__3__BestDiast_67_%.nrrd: Read: 0.24s, Header: 0.00s, Copy: 0.03s, Label Mapping: 0.57s, Write: 0.52s
2024-07-29 10:19:54,538 - INFO - Labels in BS-431_5_Thoracica__1.0__I26f__3__BestDiast_67_%.nrrd have been changed correctly.
2024-07-29 10:19:58,448 - INFO - Processed BS-194_13_Fl_Herz__0.6__Bv40__3__65%.nrrd: Read: 0.57s, Header: 0.00s, Copy: 0.08s, Label Mapping: 1.30s, Write: 1.37s
2024-07-29 10:20:00,531 - INFO - Labels in BS-194_13_Fl_Herz__0.6__Bv40__3__65%.nrrd have been changed correctly.
2024-07-29 10:20:03,539 - INFO - Processed BS-245_7_Fl_Herz__0.6__Bv40__3__65%.nrrd: Read: 0.41s, Header: 0.00s, Copy: 0.06s, Label Mapping: 1.00s, Write: 1.09s
2024-07-29 10:20:05,119 - INFO - Labels in BS-245_7_Fl_Herz__0.6__Bv40__3__65%.nrrd have been changed correctly.
2024-07-29 10:20:08,978 - INFO - Processed BS-026_8_Fl_Herz__0.6__Bv40__3__65%.nrrd: Read: 0.59s, Header: 0.00s, Copy: 0.08s, Label Mapping: 1.31s, Write: 1.28s
2024-07-29 10:20:11,110 - INFO - Labels in BS-026_8_Fl_Herz__0.6__Bv40__3__65%.nrrd have been changed correctly.
2024-07-29 10:20:11,490 - INFO - Processed BS-093_5_Fl_Th-Abd_Art__3.0__I31f__3_cropped.nrrd: Read: 0.04s, Header: 0.00s, Copy: 0.00s, Label Mapping: 0.11s, Write: 0.15s
2024-07-29 10:20:11,654 - INFO - Labels in BS-093_5_Fl_Th-Abd_Art__3.0__I31f__3_cropped.nrrd have been changed correctly.
2024-07-29 10:20:15,480 - INFO - Processed BS-177_4_Fl_Herz__0.6__Bv40__3__65%.nrrd: Read: 0.57s, Header: 0.00s, Copy: 0.08s, Label Mapping: 1.32s, Write: 1.27s
2024-07-29 10:20:17,562 - INFO - Labels in BS-177_4_Fl_Herz__0.6__Bv40__3__65%.nrrd have been changed correctly.
2024-07-29 10:20:20,076 - INFO - Processed BS-508_7_Thorax__1.0__I50f__3_LCAD_76_%.nrrd: Read: 0.37s, Header: 0.00s, Copy: 0.05s, Label Mapping: 0.91s, Write: 0.77s
2024-07-29 10:20:21,515 - INFO - Labels in BS-508_7_Thorax__1.0__I50f__3_LCAD_76_%.nrrd have been changed correctly.
2024-07-29 10:20:24,960 - INFO - Processed BS-377_7_Herz__0.6__I30f__3__60%.nrrd: Read: 0.48s, Header: 0.00s, Copy: 0.07s, Label Mapping: 1.18s, Write: 1.21s
2024-07-29 10:20:26,776 - INFO - Labels in BS-377_7_Herz__0.6__I30f__3__60%.nrrd have been changed correctly.
2024-07-29 10:20:28,320 - INFO - Processed BS-549_5_Thorax_LE__1.0__I26f_Weichteil.nrrd: Read: 0.23s, Header: 0.00s, Copy: 0.03s, Label Mapping: 0.55s, Write: 0.48s
2024-07-29 10:20:29,187 - INFO - Labels in BS-549_5_Thorax_LE__1.0__I26f_Weichteil.nrrd have been changed correctly.
2024-07-29 10:20:33,014 - INFO - Processed BS-242_6_Herz__0.6__I26f__3__60%.nrrd: Read: 0.59s, Header: 0.00s, Copy: 0.08s, Label Mapping: 1.34s, Write: 1.22s
2024-07-29 10:20:35,231 - INFO - Labels in BS-242_6_Herz__0.6__I26f__3__60%.nrrd have been changed correctly.
2024-07-29 10:20:36,842 - INFO - Processed BS-400_8_Thorax_KM__1.5__B41s.nrrd: Read: 0.23s, Header: 0.00s, Copy: 0.03s, Label Mapping: 0.58s, Write: 0.49s
2024-07-29 10:20:37,753 - INFO - Labels in BS-400_8_Thorax_KM__1.5__B41s.nrrd have been changed correctly.
2024-07-29 10:20:38,481 - INFO - Processed BS-073_4_Aorta_Angio__3.0__B31s.nrrd: Read: 0.10s, Header: 0.00s, Copy: 0.01s, Label Mapping: 0.28s, Write: 0.23s
2024-07-29 10:20:38,875 - INFO - Labels in BS-073_4_Aorta_Angio__3.0__B31s.nrrd have been changed correctly.
2024-07-29 10:20:42,383 - INFO - Processed BS-543_6_Cor__Fl_Thx-Abd__0.6__I26f__3__60%.nrrd: Read: 0.52s, Header: 0.00s, Copy: 0.07s, Label Mapping: 1.23s, Write: 1.15s
2024-07-29 10:20:44,353 - INFO - Labels in BS-543_6_Cor__Fl_Thx-Abd__0.6__I26f__3__60%.nrrd have been changed correctly.
2024-07-29 10:20:46,199 - INFO - Processed BS-154_10_Angio_Fl_Thoracica_axial___60%.nrrd: Read: 0.27s, Header: 0.00s, Copy: 0.04s, Label Mapping: 0.66s, Write: 0.57s
2024-07-29 10:20:47,239 - INFO - Labels in BS-154_10_Angio_Fl_Thoracica_axial___60%.nrrd have been changed correctly.
2024-07-29 10:20:51,439 - INFO - Processed BS-051_6_Herz__0.6__I30f__3__60%.nrrd: Read: 0.58s, Header: 0.00s, Copy: 0.08s, Label Mapping: 1.34s, Write: 1.59s
2024-07-29 10:20:53,589 - INFO - Labels in BS-051_6_Herz__0.6__I30f__3__60%.nrrd have been changed correctly.
2024-07-29 10:20:55,033 - INFO - Processed BS-171_8_Thoracica__1.0__I30f__3__80%.nrrd: Read: 0.20s, Header: 0.00s, Copy: 0.03s, Label Mapping: 0.50s, Write: 0.48s
2024-07-29 10:20:55,820 - INFO - Labels in BS-171_8_Thoracica__1.0__I30f__3__80%.nrrd have been changed correctly.
2024-07-29 10:21:00,516 - INFO - Processed BS-170_7_Cor__Thorax__0.6__I26f__3__BestDiast_67_%.nrrd: Read: 0.71s, Header: 0.00s, Copy: 0.10s, Label Mapping: 1.67s, Write: 1.45s
2024-07-29 10:21:03,231 - INFO - Labels in BS-170_7_Cor__Thorax__0.6__I26f__3__BestDiast_67_%.nrrd have been changed correctly.
2024-07-29 10:21:07,184 - INFO - Processed BS-541_5_Cor__Thorax__0.6__I26f__3__BestSyst_39_%.nrrd: Read: 0.58s, Header: 0.00s, Copy: 0.08s, Label Mapping: 1.35s, Write: 1.31s
2024-07-29 10:21:09,345 - INFO - Labels in BS-541_5_Cor__Thorax__0.6__I26f__3__BestSyst_39_%.nrrd have been changed correctly.
2024-07-29 10:21:13,282 - INFO - Processed BS-124_13_Herz__0.6__I26f__3__BestDiast_68_%.nrrd: Read: 0.58s, Header: 0.00s, Copy: 0.08s, Label Mapping: 1.34s, Write: 1.31s
2024-07-29 10:21:15,440 - INFO - Labels in BS-124_13_Herz__0.6__I26f__3__BestDiast_68_%.nrrd have been changed correctly.
2024-07-29 10:21:18,719 - INFO - Processed BS-017_8_Herz__0.6__I30f__3__60%.nrrd: Read: 0.44s, Header: 0.00s, Copy: 0.06s, Label Mapping: 1.05s, Write: 1.24s
2024-07-29 10:21:20,436 - INFO - Labels in BS-017_8_Herz__0.6__I30f__3__60%.nrrd have been changed correctly.
2024-07-29 10:21:23,949 - INFO - Processed BS-287_12_Herz__0.6__I26f__3__BestDiast_67_%.nrrd: Read: 0.50s, Header: 0.00s, Copy: 0.07s, Label Mapping: 1.33s, Write: 1.08s
2024-07-29 10:21:25,846 - INFO - Labels in BS-287_12_Herz__0.6__I26f__3__BestDiast_67_%.nrrd have been changed correctly.
2024-07-29 10:21:29,552 - INFO - Processed BS-130_10_Cor__Thorax__0.6__I26f__3__BestDiast_77_%.nrrd: Read: 0.52s, Header: 0.00s, Copy: 0.07s, Label Mapping: 1.32s, Write: 1.23s
2024-07-29 10:21:31,528 - INFO - Labels in BS-130_10_Cor__Thorax__0.6__I26f__3__BestDiast_77_%.nrrd have been changed correctly.
2024-07-29 10:21:34,968 - INFO - Processed BS-538_5_Cor__Fl_Thx-Abd__0.6__I26f__3__60%.nrrd: Read: 0.49s, Header: 0.00s, Copy: 0.07s, Label Mapping: 1.15s, Write: 1.19s
2024-07-29 10:21:36,797 - INFO - Labels in BS-538_5_Cor__Fl_Thx-Abd__0.6__I26f__3__60%.nrrd have been changed correctly.
2024-07-29 10:21:40,847 - INFO - Processed BS-014_9_Herz__0.6__I26f__3__BestDiast_80_%.nrrd: Read: 0.67s, Header: 0.00s, Copy: 0.08s, Label Mapping: 1.35s, Write: 1.26s
2024-07-29 10:21:43,055 - INFO - Labels in BS-014_9_Herz__0.6__I26f__3__BestDiast_80_%.nrrd have been changed correctly.
2024-07-29 10:21:46,674 - INFO - Processed BS-383_6_Herz__0.6__I26f__3__BestDiast_74_%.nrrd: Read: 0.50s, Header: 0.00s, Copy: 0.07s, Label Mapping: 1.24s, Write: 1.22s
2024-07-29 10:21:48,576 - INFO - Labels in BS-383_6_Herz__0.6__I26f__3__BestDiast_74_%.nrrd have been changed correctly.
2024-07-29 10:21:50,312 - INFO - Processed BS-262_5_Fl_Thoracica__1.0__I26f__3__60%.nrrd: Read: 0.24s, Header: 0.00s, Copy: 0.04s, Label Mapping: 0.60s, Write: 0.58s
2024-07-29 10:21:51,260 - INFO - Labels in BS-262_5_Fl_Thoracica__1.0__I26f__3__60%.nrrd have been changed correctly.
2024-07-29 10:21:53,227 - INFO - Processed BS-090_402_Cardiac_35%_35%_iDose_(4).nrrd: Read: 0.28s, Header: 0.00s, Copy: 0.04s, Label Mapping: 0.68s, Write: 0.67s
2024-07-29 10:21:54,308 - INFO - Labels in BS-090_402_Cardiac_35%_35%_iDose_(4).nrrd have been changed correctly.
2024-07-29 10:21:55,000 - INFO - Processed BS-425_6_Thoracica__5.0__I26f__3__BestDiast_70_%.nrrd: Read: 0.07s, Header: 0.00s, Copy: 0.01s, Label Mapping: 0.28s, Write: 0.24s
2024-07-29 10:21:55,237 - INFO - Labels in BS-425_6_Thoracica__5.0__I26f__3__BestDiast_70_%.nrrd have been changed correctly.
2024-07-29 10:21:55,537 - INFO - Processed BS-560_5_Thx-Becken__1.5__I30f__3_axial_Weichteil_cropped.nrrd: Read: 0.03s, Header: 0.00s, Copy: 0.00s, Label Mapping: 0.10s, Write: 0.13s
2024-07-29 10:21:55,667 - INFO - Labels in BS-560_5_Thx-Becken__1.5__I30f__3_axial_Weichteil_cropped.nrrd have been changed correctly.
2024-07-29 10:21:57,215 - INFO - Processed BS-548_7_Thoracica__1.0__I50f__3__BestDiast_LCAD_85_%.nrrd: Read: 0.24s, Header: 0.00s, Copy: 0.03s, Label Mapping: 0.55s, Write: 0.49s
2024-07-29 10:21:58,080 - INFO - Labels in BS-548_7_Thoracica__1.0__I50f__3__BestDiast_LCAD_85_%.nrrd have been changed correctly.
2024-07-29 10:21:59,751 - INFO - Processed BS-539_6_Fl_Thoracica__1.0__I26f__3__60%.nrrd: Read: 0.25s, Header: 0.00s, Copy: 0.04s, Label Mapping: 0.61s, Write: 0.52s
2024-07-29 10:22:00,696 - INFO - Labels in BS-539_6_Fl_Thoracica__1.0__I26f__3__60%.nrrd have been changed correctly.
2024-07-29 10:22:04,786 - INFO - Processed BS-224_11_Fl_Herz__0.6__Bv40__3__65%.nrrd: Read: 0.58s, Header: 0.00s, Copy: 0.08s, Label Mapping: 1.32s, Write: 1.52s
2024-07-29 10:22:06,842 - INFO - Labels in BS-224_11_Fl_Herz__0.6__Bv40__3__65%.nrrd have been changed correctly.
2024-07-29 10:22:10,259 - INFO - Processed BS-410_14_Herz__0.6__I26f__3__BestDiast_72_%.nrrd: Read: 0.51s, Header: 0.00s, Copy: 0.07s, Label Mapping: 1.19s, Write: 1.10s
2024-07-29 10:22:12,172 - INFO - Labels in BS-410_14_Herz__0.6__I26f__3__BestDiast_72_%.nrrd have been changed correctly.
2024-07-29 10:22:13,721 - INFO - Processed BS-056_5_Fl_Thoracica__1.0__I26f__3__60%.nrrd: Read: 0.23s, Header: 0.00s, Copy: 0.03s, Label Mapping: 0.56s, Write: 0.47s
2024-07-29 10:22:14,589 - INFO - Labels in BS-056_5_Fl_Thoracica__1.0__I26f__3__60%.nrrd have been changed correctly.
2024-07-29 10:22:18,747 - INFO - Processed BS-293_5_Thorax__1.0__I30f__BestSyst_QCA_D_44_%.nrrd: Read: 0.62s, Header: 0.00s, Copy: 0.09s, Label Mapping: 1.43s, Write: 1.37s
2024-07-29 10:22:21,074 - INFO - Labels in BS-293_5_Thorax__1.0__I30f__BestSyst_QCA_D_44_%.nrrd have been changed correctly.
2024-07-29 10:22:22,647 - INFO - Processed BS-592_7_Fl_Thoracica__1.0__I50f_LCAD__3__60%.nrrd: Read: 0.21s, Header: 0.00s, Copy: 0.03s, Label Mapping: 0.56s, Write: 0.52s
2024-07-29 10:22:23,475 - INFO - Labels in BS-592_7_Fl_Thoracica__1.0__I50f_LCAD__3__60%.nrrd have been changed correctly.
2024-07-29 10:22:27,688 - INFO - Processed BS-337_9_Herz__0.6__I30f__3__60%.nrrd: Read: 0.62s, Header: 0.00s, Copy: 0.08s, Label Mapping: 1.41s, Write: 1.47s
2024-07-29 10:22:29,962 - INFO - Labels in BS-337_9_Herz__0.6__I30f__3__60%.nrrd have been changed correctly.
2024-07-29 10:22:32,463 - INFO - Processed BS-005_11_Herz__0.6__I26f__3__BestDiast_67_%.nrrd: Read: 0.36s, Header: 0.00s, Copy: 0.05s, Label Mapping: 0.85s, Write: 0.85s
2024-07-29 10:22:33,819 - INFO - Labels in BS-005_11_Herz__0.6__I26f__3__BestDiast_67_%.nrrd have been changed correctly.
2024-07-29 10:22:35,476 - INFO - Processed BS-360_8_Angio._Thoracica__I26f__axial.nrrd: Read: 0.22s, Header: 0.00s, Copy: 0.03s, Label Mapping: 0.54s, Write: 0.61s
2024-07-29 10:22:36,328 - INFO - Labels in BS-360_8_Angio._Thoracica__I26f__axial.nrrd have been changed correctly.
2024-07-29 10:22:39,646 - INFO - Processed BS-143_13_Cor__Thorax__0.6__I26f__3__70%.nrrd: Read: 0.48s, Header: 0.00s, Copy: 0.07s, Label Mapping: 1.15s, Write: 1.12s
2024-07-29 10:22:41,478 - INFO - Labels in BS-143_13_Cor__Thorax__0.6__I26f__3__70%.nrrd have been changed correctly.
2024-07-29 10:22:46,077 - INFO - Processed BS-415_7_Herz__0.6__I26f__3__BestSyst_41_%.nrrd: Read: 0.72s, Header: 0.00s, Copy: 0.09s, Label Mapping: 1.59s, Write: 1.46s
2024-07-29 10:22:48,649 - INFO - Labels in BS-415_7_Herz__0.6__I26f__3__BestSyst_41_%.nrrd have been changed correctly.
2024-07-29 10:22:49,326 - INFO - Processed BS-437_7_Thoracica__5.0__I26f__3__BestDiast_67_%.nrrd: Read: 0.09s, Header: 0.00s, Copy: 0.01s, Label Mapping: 0.24s, Write: 0.20s
2024-07-29 10:22:49,646 - INFO - Labels in BS-437_7_Thoracica__5.0__I26f__3__BestDiast_67_%.nrrd have been changed correctly.
2024-07-29 10:22:53,135 - INFO - Processed BS-316_10_Herz__0.6__I26f__3__BestDiast_69_%.nrrd: Read: 0.54s, Header: 0.00s, Copy: 0.07s, Label Mapping: 1.21s, Write: 1.14s
2024-07-29 10:22:55,066 - INFO - Labels in BS-316_10_Herz__0.6__I26f__3__BestDiast_69_%.nrrd have been changed correctly.
2024-07-29 10:22:59,146 - INFO - Processed BS-520_8_Fl_Coro___0.6__I26f__3__60%.nrrd: Read: 0.58s, Header: 0.00s, Copy: 0.09s, Label Mapping: 1.52s, Write: 1.25s
2024-07-29 10:23:01,351 - INFO - Labels in BS-520_8_Fl_Coro___0.6__I26f__3__60%.nrrd have been changed correctly.
2024-07-29 10:23:05,106 - INFO - Processed BS-021_8_Herz__0.6__I30f__3__60%.nrrd: Read: 0.56s, Header: 0.00s, Copy: 0.08s, Label Mapping: 1.30s, Write: 1.21s
2024-07-29 10:23:07,203 - INFO - Labels in BS-021_8_Herz__0.6__I30f__3__60%.nrrd have been changed correctly.
2024-07-29 10:23:07,232 - INFO - Processing completed successfully.
