2024-07-29 12:10:03,824 - INFO - Creating folder: /home/juval.gutknecht/Projects/Data/heart-segmentation-results/Dataset/imagesTs
2024-07-29 12:10:03,824 - INFO - Creating folder: /home/juval.gutknecht/Projects/Data/heart-segmentation-results/Dataset/labelsTs
2024-07-29 12:10:03,824 - INFO - Creating folder: /home/juval.gutknecht/Projects/Data/heart-segmentation-results/Dataset/landmarksTs
2024-07-29 12:10:03,824 - INFO - Getting file pairs...
2024-07-29 12:10:03,824 - INFO - Found 203 complete file pairs
2024-07-29 12:10:03,825 - INFO - Moving 40 samples to test set
2024-07-29 12:10:03,825 - INFO - Moving /home/juval.gutknecht/Projects/Data/heart-segmentation-results/Dataset/imagesTr/BS-524_8_Thoracica__1.0__I26f__3__BestDiast_66_%_0000.nrrd to /home/juval.gutknecht/Projects/Data/heart-segmentation-results/Dataset/imagesTs/BS-524_8_Thoracica__1.0__I26f__3__BestDiast_66_%_0000.nrrd
2024-07-29 12:10:03,825 - INFO - Moving /home/juval.gutknecht/Projects/Data/heart-segmentation-results/Dataset/labelsTr/BS-524_8_Thoracica__1.0__I26f__3__BestDiast_66_%.nrrd to /home/juval.gutknecht/Projects/Data/heart-segmentation-results/Dataset/labelsTs/BS-524_8_Thoracica__1.0__I26f__3__BestDiast_66_%.nrrd
2024-07-29 12:10:03,825 - INFO - Moving /home/juval.gutknecht/Projects/Data/heart-segmentation-results/Dataset/landmarksTr/BS-524_8_Thoracica__1.0__I26f__3__BestDiast_66_%.mrk.json to /home/juval.gutknecht/Projects/Data/heart-segmentation-results/Dataset/landmarksTs/BS-524_8_Thoracica__1.0__I26f__3__BestDiast_66_%.mrk.json
2024-07-29 12:10:03,825 - INFO - Moving /home/juval.gutknecht/Projects/Data/heart-segmentation-results/Dataset/imagesTr/BS-338_6_Thorax__1.0__I30f__3__40%_0000.nrrd to /home/juval.gutknecht/Projects/Data/heart-segmentation-results/Dataset/imagesTs/BS-338_6_Thorax__1.0__I30f__3__40%_0000.nrrd
2024-07-29 12:10:03,825 - INFO - Moving /home/juval.gutknecht/Projects/Data/heart-segmentation-results/Dataset/labelsTr/BS-338_6_Thorax__1.0__I30f__3__40%.nrrd to /home/juval.gutknecht/Projects/Data/heart-segmentation-results/Dataset/labelsTs/BS-338_6_Thorax__1.0__I30f__3__40%.nrrd
2024-07-29 12:10:03,825 - INFO - Moving /home/juval.gutknecht/Projects/Data/heart-segmentation-results/Dataset/landmarksTr/BS-338_6_Thorax__1.0__I30f__3__40%.mrk.json to /home/juval.gutknecht/Projects/Data/heart-segmentation-results/Dataset/landmarksTs/BS-338_6_Thorax__1.0__I30f__3__40%.mrk.json
2024-07-29 12:10:03,825 - INFO - Moving /home/juval.gutknecht/Projects/Data/heart-segmentation-results/Dataset/imagesTr/BS-541_5_Cor__Thorax__0.6__I26f__3__BestSyst_39_%_0000.nrrd to /home/juval.gutknecht/Projects/Data/heart-segmentation-results/Dataset/imagesTs/BS-541_5_Cor__Thorax__0.6__I26f__3__BestSyst_39_%_0000.nrrd
2024-07-29 12:10:03,825 - INFO - Moving /home/juval.gutknecht/Projects/Data/heart-segmentation-results/Dataset/labelsTr/BS-541_5_Cor__Thorax__0.6__I26f__3__BestSyst_39_%.nrrd to /home/juval.gutknecht/Projects/Data/heart-segmentation-results/Dataset/labelsTs/BS-541_5_Cor__Thorax__0.6__I26f__3__BestSyst_39_%.nrrd
2024-07-29 12:10:03,825 - INFO - Moving /home/juval.gutknecht/Projects/Data/heart-segmentation-results/Dataset/landmarksTr/BS-541_5_Cor__Thorax__0.6__I26f__3__BestSyst_39_%.mrk.json to /home/juval.gutknecht/Projects/Data/heart-segmentation-results/Dataset/landmarksTs/BS-541_5_Cor__Thorax__0.6__I26f__3__BestSyst_39_%.mrk.json
2024-07-29 12:10:03,825 - INFO - Moving /home/juval.gutknecht/Projects/Data/heart-segmentation-results/Dataset/imagesTr/BS-577_5_Cor__Thorax__0.6__I26f__3__BestDiast_67_%_0000.nrrd to /home/juval.gutknecht/Projects/Data/heart-segmentation-results/Dataset/imagesTs/BS-577_5_Cor__Thorax__0.6__I26f__3__BestDiast_67_%_0000.nrrd
2024-07-29 12:10:03,825 - INFO - Moving /home/juval.gutknecht/Projects/Data/heart-segmentation-results/Dataset/labelsTr/BS-577_5_Cor__Thorax__0.6__I26f__3__BestDiast_67_%.nrrd to /home/juval.gutknecht/Projects/Data/heart-segmentation-results/Dataset/labelsTs/BS-577_5_Cor__Thorax__0.6__I26f__3__BestDiast_67_%.nrrd
2024-07-29 12:10:03,825 - INFO - Moving /home/juval.gutknecht/Projects/Data/heart-segmentation-results/Dataset/landmarksTr/BS-577_5_Cor__Thorax__0.6__I26f__3__BestDiast_67_%.mrk.json to /home/juval.gutknecht/Projects/Data/heart-segmentation-results/Dataset/landmarksTs/BS-577_5_Cor__Thorax__0.6__I26f__3__BestDiast_67_%.mrk.json
2024-07-29 12:10:03,825 - INFO - Moving /home/juval.gutknecht/Projects/Data/heart-segmentation-results/Dataset/imagesTr/BS-149_9_Fl_Th-Abd_Art__2.0__cor_-_imageType_DERIVED-PRIMARY-AXIAL-CT_SOM5_MPR-STD-SNRG-DET_AB_0000.nrrd to /home/juval.gutknecht/Projects/Data/heart-segmentation-results/Dataset/imagesTs/BS-149_9_Fl_Th-Abd_Art__2.0__cor_-_imageType_DERIVED-PRIMARY-AXIAL-CT_SOM5_MPR-STD-SNRG-DET_AB_0000.nrrd
2024-07-29 12:10:03,825 - INFO - Moving /home/juval.gutknecht/Projects/Data/heart-segmentation-results/Dataset/labelsTr/BS-149_9_Fl_Th-Abd_Art__2.0__cor_-_imageType_DERIVED-PRIMARY-AXIAL-CT_SOM5_MPR-STD-SNRG-DET_AB.nrrd to /home/juval.gutknecht/Projects/Data/heart-segmentation-results/Dataset/labelsTs/BS-149_9_Fl_Th-Abd_Art__2.0__cor_-_imageType_DERIVED-PRIMARY-AXIAL-CT_SOM5_MPR-STD-SNRG-DET_AB.nrrd
2024-07-29 12:10:03,825 - INFO - Moving /home/juval.gutknecht/Projects/Data/heart-segmentation-results/Dataset/landmarksTr/BS-149_9_Fl_Th-Abd_Art__2.0__cor_-_imageType_DERIVED-PRIMARY-AXIAL-CT_SOM5_MPR-STD-SNRG-DET_AB.mrk.json to /home/juval.gutknecht/Projects/Data/heart-segmentation-results/Dataset/landmarksTs/BS-149_9_Fl_Th-Abd_Art__2.0__cor_-_imageType_DERIVED-PRIMARY-AXIAL-CT_SOM5_MPR-STD-SNRG-DET_AB.mrk.json
2024-07-29 12:10:03,825 - INFO - Moving /home/juval.gutknecht/Projects/Data/heart-segmentation-results/Dataset/imagesTr/BS-270_10_Herz__0.6__I26f__3__BestSyst_41_%_0000.nrrd to /home/juval.gutknecht/Projects/Data/heart-segmentation-results/Dataset/imagesTs/BS-270_10_Herz__0.6__I26f__3__BestSyst_41_%_0000.nrrd
2024-07-29 12:10:03,825 - INFO - Moving /home/juval.gutknecht/Projects/Data/heart-segmentation-results/Dataset/labelsTr/BS-270_10_Herz__0.6__I26f__3__BestSyst_41_%.nrrd to /home/juval.gutknecht/Projects/Data/heart-segmentation-results/Dataset/labelsTs/BS-270_10_Herz__0.6__I26f__3__BestSyst_41_%.nrrd
2024-07-29 12:10:03,825 - INFO - Moving /home/juval.gutknecht/Projects/Data/heart-segmentation-results/Dataset/landmarksTr/BS-270_10_Herz__0.6__I26f__3__BestSyst_41_%.mrk.json to /home/juval.gutknecht/Projects/Data/heart-segmentation-results/Dataset/landmarksTs/BS-270_10_Herz__0.6__I26f__3__BestSyst_41_%.mrk.json
2024-07-29 12:10:03,826 - INFO - Moving /home/juval.gutknecht/Projects/Data/heart-segmentation-results/Dataset/imagesTr/BS-073_4_Aorta_Angio__3.0__B31s_0000.nrrd to /home/juval.gutknecht/Projects/Data/heart-segmentation-results/Dataset/imagesTs/BS-073_4_Aorta_Angio__3.0__B31s_0000.nrrd
2024-07-29 12:10:03,826 - INFO - Moving /home/juval.gutknecht/Projects/Data/heart-segmentation-results/Dataset/labelsTr/BS-073_4_Aorta_Angio__3.0__B31s.nrrd to /home/juval.gutknecht/Projects/Data/heart-segmentation-results/Dataset/labelsTs/BS-073_4_Aorta_Angio__3.0__B31s.nrrd
2024-07-29 12:10:03,826 - INFO - Moving /home/juval.gutknecht/Projects/Data/heart-segmentation-results/Dataset/landmarksTr/BS-073_4_Aorta_Angio__3.0__B31s.mrk.json to /home/juval.gutknecht/Projects/Data/heart-segmentation-results/Dataset/landmarksTs/BS-073_4_Aorta_Angio__3.0__B31s.mrk.json
2024-07-29 12:10:03,826 - INFO - Moving /home/juval.gutknecht/Projects/Data/heart-segmentation-results/Dataset/imagesTr/BS-082_6_Herz__0.6__I30f__3__60%_0000.nrrd to /home/juval.gutknecht/Projects/Data/heart-segmentation-results/Dataset/imagesTs/BS-082_6_Herz__0.6__I30f__3__60%_0000.nrrd
2024-07-29 12:10:03,826 - INFO - Moving /home/juval.gutknecht/Projects/Data/heart-segmentation-results/Dataset/labelsTr/BS-082_6_Herz__0.6__I30f__3__60%.nrrd to /home/juval.gutknecht/Projects/Data/heart-segmentation-results/Dataset/labelsTs/BS-082_6_Herz__0.6__I30f__3__60%.nrrd
2024-07-29 12:10:03,826 - INFO - Moving /home/juval.gutknecht/Projects/Data/heart-segmentation-results/Dataset/landmarksTr/BS-082_6_Herz__0.6__I30f__3__60%.mrk.json to /home/juval.gutknecht/Projects/Data/heart-segmentation-results/Dataset/landmarksTs/BS-082_6_Herz__0.6__I30f__3__60%.mrk.json
2024-07-29 12:10:03,826 - INFO - Moving /home/juval.gutknecht/Projects/Data/heart-segmentation-results/Dataset/imagesTr/BS-409_8_Herz__0.6__I26f__3__BestDiast_74_%_0000.nrrd to /home/juval.gutknecht/Projects/Data/heart-segmentation-results/Dataset/imagesTs/BS-409_8_Herz__0.6__I26f__3__BestDiast_74_%_0000.nrrd
2024-07-29 12:10:03,826 - INFO - Moving /home/juval.gutknecht/Projects/Data/heart-segmentation-results/Dataset/labelsTr/BS-409_8_Herz__0.6__I26f__3__BestDiast_74_%.nrrd to /home/juval.gutknecht/Projects/Data/heart-segmentation-results/Dataset/labelsTs/BS-409_8_Herz__0.6__I26f__3__BestDiast_74_%.nrrd
2024-07-29 12:10:03,826 - INFO - Moving /home/juval.gutknecht/Projects/Data/heart-segmentation-results/Dataset/landmarksTr/BS-409_8_Herz__0.6__I26f__3__BestDiast_74_%.mrk.json to /home/juval.gutknecht/Projects/Data/heart-segmentation-results/Dataset/landmarksTs/BS-409_8_Herz__0.6__I26f__3__BestDiast_74_%.mrk.json
2024-07-29 12:10:03,826 - INFO - Moving /home/juval.gutknecht/Projects/Data/heart-segmentation-results/Dataset/imagesTr/BS-066_14_Angio._Thoracica__I26f__axial_0000.nrrd to /home/juval.gutknecht/Projects/Data/heart-segmentation-results/Dataset/imagesTs/BS-066_14_Angio._Thoracica__I26f__axial_0000.nrrd
2024-07-29 12:10:03,826 - INFO - Moving /home/juval.gutknecht/Projects/Data/heart-segmentation-results/Dataset/labelsTr/BS-066_14_Angio._Thoracica__I26f__axial.nrrd to /home/juval.gutknecht/Projects/Data/heart-segmentation-results/Dataset/labelsTs/BS-066_14_Angio._Thoracica__I26f__axial.nrrd
2024-07-29 12:10:03,826 - INFO - Moving /home/juval.gutknecht/Projects/Data/heart-segmentation-results/Dataset/landmarksTr/BS-066_14_Angio._Thoracica__I26f__axial.mrk.json to /home/juval.gutknecht/Projects/Data/heart-segmentation-results/Dataset/landmarksTs/BS-066_14_Angio._Thoracica__I26f__axial.mrk.json
2024-07-29 12:10:03,826 - INFO - Moving /home/juval.gutknecht/Projects/Data/heart-segmentation-results/Dataset/imagesTr/BS-093_5_Fl_Th-Abd_Art__3.0__I31f__3_cropped_0000.nrrd to /home/juval.gutknecht/Projects/Data/heart-segmentation-results/Dataset/imagesTs/BS-093_5_Fl_Th-Abd_Art__3.0__I31f__3_cropped_0000.nrrd
2024-07-29 12:10:03,826 - INFO - Moving /home/juval.gutknecht/Projects/Data/heart-segmentation-results/Dataset/labelsTr/BS-093_5_Fl_Th-Abd_Art__3.0__I31f__3_cropped.nrrd to /home/juval.gutknecht/Projects/Data/heart-segmentation-results/Dataset/labelsTs/BS-093_5_Fl_Th-Abd_Art__3.0__I31f__3_cropped.nrrd
2024-07-29 12:10:03,826 - INFO - Moving /home/juval.gutknecht/Projects/Data/heart-segmentation-results/Dataset/landmarksTr/BS-093_5_Fl_Th-Abd_Art__3.0__I31f__3_cropped.mrk.json to /home/juval.gutknecht/Projects/Data/heart-segmentation-results/Dataset/landmarksTs/BS-093_5_Fl_Th-Abd_Art__3.0__I31f__3_cropped.mrk.json
2024-07-29 12:10:03,826 - INFO - Moving /home/juval.gutknecht/Projects/Data/heart-segmentation-results/Dataset/imagesTr/BS-415_7_Herz__0.6__I26f__3__BestSyst_41_%_0000.nrrd to /home/juval.gutknecht/Projects/Data/heart-segmentation-results/Dataset/imagesTs/BS-415_7_Herz__0.6__I26f__3__BestSyst_41_%_0000.nrrd
2024-07-29 12:10:03,826 - INFO - Moving /home/juval.gutknecht/Projects/Data/heart-segmentation-results/Dataset/labelsTr/BS-415_7_Herz__0.6__I26f__3__BestSyst_41_%.nrrd to /home/juval.gutknecht/Projects/Data/heart-segmentation-results/Dataset/labelsTs/BS-415_7_Herz__0.6__I26f__3__BestSyst_41_%.nrrd
2024-07-29 12:10:03,826 - INFO - Moving /home/juval.gutknecht/Projects/Data/heart-segmentation-results/Dataset/landmarksTr/BS-415_7_Herz__0.6__I26f__3__BestSyst_41_%.mrk.json to /home/juval.gutknecht/Projects/Data/heart-segmentation-results/Dataset/landmarksTs/BS-415_7_Herz__0.6__I26f__3__BestSyst_41_%.mrk.json
2024-07-29 12:10:03,826 - INFO - Moving /home/juval.gutknecht/Projects/Data/heart-segmentation-results/Dataset/imagesTr/BS-377_7_Herz__0.6__I30f__3__60%_0000.nrrd to /home/juval.gutknecht/Projects/Data/heart-segmentation-results/Dataset/imagesTs/BS-377_7_Herz__0.6__I30f__3__60%_0000.nrrd
2024-07-29 12:10:03,826 - INFO - Moving /home/juval.gutknecht/Projects/Data/heart-segmentation-results/Dataset/labelsTr/BS-377_7_Herz__0.6__I30f__3__60%.nrrd to /home/juval.gutknecht/Projects/Data/heart-segmentation-results/Dataset/labelsTs/BS-377_7_Herz__0.6__I30f__3__60%.nrrd
2024-07-29 12:10:03,827 - INFO - Moving /home/juval.gutknecht/Projects/Data/heart-segmentation-results/Dataset/landmarksTr/BS-377_7_Herz__0.6__I30f__3__60%.mrk.json to /home/juval.gutknecht/Projects/Data/heart-segmentation-results/Dataset/landmarksTs/BS-377_7_Herz__0.6__I30f__3__60%.mrk.json
2024-07-29 12:10:03,827 - INFO - Moving /home/juval.gutknecht/Projects/Data/heart-segmentation-results/Dataset/imagesTr/BS-170_7_Cor__Thorax__0.6__I26f__3__BestDiast_67_%_0000.nrrd to /home/juval.gutknecht/Projects/Data/heart-segmentation-results/Dataset/imagesTs/BS-170_7_Cor__Thorax__0.6__I26f__3__BestDiast_67_%_0000.nrrd
2024-07-29 12:10:03,827 - INFO - Moving /home/juval.gutknecht/Projects/Data/heart-segmentation-results/Dataset/labelsTr/BS-170_7_Cor__Thorax__0.6__I26f__3__BestDiast_67_%.nrrd to /home/juval.gutknecht/Projects/Data/heart-segmentation-results/Dataset/labelsTs/BS-170_7_Cor__Thorax__0.6__I26f__3__BestDiast_67_%.nrrd
2024-07-29 12:10:03,827 - INFO - Moving /home/juval.gutknecht/Projects/Data/heart-segmentation-results/Dataset/landmarksTr/BS-170_7_Cor__Thorax__0.6__I26f__3__BestDiast_67_%.mrk.json to /home/juval.gutknecht/Projects/Data/heart-segmentation-results/Dataset/landmarksTs/BS-170_7_Cor__Thorax__0.6__I26f__3__BestDiast_67_%.mrk.json
2024-07-29 12:10:03,827 - INFO - Moving /home/juval.gutknecht/Projects/Data/heart-segmentation-results/Dataset/imagesTr/BS-030_10_Herz__0.6__I30f__3__60%_0000.nrrd to /home/juval.gutknecht/Projects/Data/heart-segmentation-results/Dataset/imagesTs/BS-030_10_Herz__0.6__I30f__3__60%_0000.nrrd
2024-07-29 12:10:03,827 - INFO - Moving /home/juval.gutknecht/Projects/Data/heart-segmentation-results/Dataset/labelsTr/BS-030_10_Herz__0.6__I30f__3__60%.nrrd to /home/juval.gutknecht/Projects/Data/heart-segmentation-results/Dataset/labelsTs/BS-030_10_Herz__0.6__I30f__3__60%.nrrd
2024-07-29 12:10:03,827 - INFO - Moving /home/juval.gutknecht/Projects/Data/heart-segmentation-results/Dataset/landmarksTr/BS-030_10_Herz__0.6__I30f__3__60%.mrk.json to /home/juval.gutknecht/Projects/Data/heart-segmentation-results/Dataset/landmarksTs/BS-030_10_Herz__0.6__I30f__3__60%.mrk.json
2024-07-29 12:10:03,827 - INFO - Moving /home/juval.gutknecht/Projects/Data/heart-segmentation-results/Dataset/imagesTr/BS-460_6_Herz__0.6__I26f__3__BestDiast_67_%_0000.nrrd to /home/juval.gutknecht/Projects/Data/heart-segmentation-results/Dataset/imagesTs/BS-460_6_Herz__0.6__I26f__3__BestDiast_67_%_0000.nrrd
2024-07-29 12:10:03,827 - INFO - Moving /home/juval.gutknecht/Projects/Data/heart-segmentation-results/Dataset/labelsTr/BS-460_6_Herz__0.6__I26f__3__BestDiast_67_%.nrrd to /home/juval.gutknecht/Projects/Data/heart-segmentation-results/Dataset/labelsTs/BS-460_6_Herz__0.6__I26f__3__BestDiast_67_%.nrrd
2024-07-29 12:10:03,827 - INFO - Moving /home/juval.gutknecht/Projects/Data/heart-segmentation-results/Dataset/landmarksTr/BS-460_6_Herz__0.6__I26f__3__BestDiast_67_%.mrk.json to /home/juval.gutknecht/Projects/Data/heart-segmentation-results/Dataset/landmarksTs/BS-460_6_Herz__0.6__I26f__3__BestDiast_67_%.mrk.json
2024-07-29 12:10:03,827 - INFO - Moving /home/juval.gutknecht/Projects/Data/heart-segmentation-results/Dataset/imagesTr/BS-472_7_Herz___0.6__I26f__3__40%_0000.nrrd to /home/juval.gutknecht/Projects/Data/heart-segmentation-results/Dataset/imagesTs/BS-472_7_Herz___0.6__I26f__3__40%_0000.nrrd
2024-07-29 12:10:03,827 - INFO - Moving /home/juval.gutknecht/Projects/Data/heart-segmentation-results/Dataset/labelsTr/BS-472_7_Herz___0.6__I26f__3__40%.nrrd to /home/juval.gutknecht/Projects/Data/heart-segmentation-results/Dataset/labelsTs/BS-472_7_Herz___0.6__I26f__3__40%.nrrd
2024-07-29 12:10:03,827 - INFO - Moving /home/juval.gutknecht/Projects/Data/heart-segmentation-results/Dataset/landmarksTr/BS-472_7_Herz___0.6__I26f__3__40%.mrk.json to /home/juval.gutknecht/Projects/Data/heart-segmentation-results/Dataset/landmarksTs/BS-472_7_Herz___0.6__I26f__3__40%.mrk.json
2024-07-29 12:10:03,827 - INFO - Moving /home/juval.gutknecht/Projects/Data/heart-segmentation-results/Dataset/imagesTr/BS-585_6_Cor__Thorax__0.6__I26f__3__BestDiast_71_%_0000.nrrd to /home/juval.gutknecht/Projects/Data/heart-segmentation-results/Dataset/imagesTs/BS-585_6_Cor__Thorax__0.6__I26f__3__BestDiast_71_%_0000.nrrd
2024-07-29 12:10:03,827 - INFO - Moving /home/juval.gutknecht/Projects/Data/heart-segmentation-results/Dataset/labelsTr/BS-585_6_Cor__Thorax__0.6__I26f__3__BestDiast_71_%.nrrd to /home/juval.gutknecht/Projects/Data/heart-segmentation-results/Dataset/labelsTs/BS-585_6_Cor__Thorax__0.6__I26f__3__BestDiast_71_%.nrrd
2024-07-29 12:10:03,827 - INFO - Moving /home/juval.gutknecht/Projects/Data/heart-segmentation-results/Dataset/landmarksTr/BS-585_6_Cor__Thorax__0.6__I26f__3__BestDiast_71_%.mrk.json to /home/juval.gutknecht/Projects/Data/heart-segmentation-results/Dataset/landmarksTs/BS-585_6_Cor__Thorax__0.6__I26f__3__BestDiast_71_%.mrk.json
2024-07-29 12:10:03,827 - INFO - Moving /home/juval.gutknecht/Projects/Data/heart-segmentation-results/Dataset/imagesTr/BS-532_5_Cor__Fl_Thx-Abd__0.6__I26f__3__60%_0000.nrrd to /home/juval.gutknecht/Projects/Data/heart-segmentation-results/Dataset/imagesTs/BS-532_5_Cor__Fl_Thx-Abd__0.6__I26f__3__60%_0000.nrrd
2024-07-29 12:10:03,827 - INFO - Moving /home/juval.gutknecht/Projects/Data/heart-segmentation-results/Dataset/labelsTr/BS-532_5_Cor__Fl_Thx-Abd__0.6__I26f__3__60%.nrrd to /home/juval.gutknecht/Projects/Data/heart-segmentation-results/Dataset/labelsTs/BS-532_5_Cor__Fl_Thx-Abd__0.6__I26f__3__60%.nrrd
2024-07-29 12:10:03,827 - INFO - Moving /home/juval.gutknecht/Projects/Data/heart-segmentation-results/Dataset/landmarksTr/BS-532_5_Cor__Fl_Thx-Abd__0.6__I26f__3__60%.mrk.json to /home/juval.gutknecht/Projects/Data/heart-segmentation-results/Dataset/landmarksTs/BS-532_5_Cor__Fl_Thx-Abd__0.6__I26f__3__60%.mrk.json
2024-07-29 12:10:03,827 - INFO - Moving /home/juval.gutknecht/Projects/Data/heart-segmentation-results/Dataset/imagesTr/BS-376_5_Herz__0.6__I26f__3__40%_0000.nrrd to /home/juval.gutknecht/Projects/Data/heart-segmentation-results/Dataset/imagesTs/BS-376_5_Herz__0.6__I26f__3__40%_0000.nrrd
2024-07-29 12:10:03,827 - INFO - Moving /home/juval.gutknecht/Projects/Data/heart-segmentation-results/Dataset/labelsTr/BS-376_5_Herz__0.6__I26f__3__40%.nrrd to /home/juval.gutknecht/Projects/Data/heart-segmentation-results/Dataset/labelsTs/BS-376_5_Herz__0.6__I26f__3__40%.nrrd
2024-07-29 12:10:03,828 - INFO - Moving /home/juval.gutknecht/Projects/Data/heart-segmentation-results/Dataset/landmarksTr/BS-376_5_Herz__0.6__I26f__3__40%.mrk.json to /home/juval.gutknecht/Projects/Data/heart-segmentation-results/Dataset/landmarksTs/BS-376_5_Herz__0.6__I26f__3__40%.mrk.json
2024-07-29 12:10:03,828 - INFO - Moving /home/juval.gutknecht/Projects/Data/heart-segmentation-results/Dataset/imagesTr/BS-451_13_Herz__0.6__I26f__3__BestDiast_72_%_0000.nrrd to /home/juval.gutknecht/Projects/Data/heart-segmentation-results/Dataset/imagesTs/BS-451_13_Herz__0.6__I26f__3__BestDiast_72_%_0000.nrrd
2024-07-29 12:10:03,828 - INFO - Moving /home/juval.gutknecht/Projects/Data/heart-segmentation-results/Dataset/labelsTr/BS-451_13_Herz__0.6__I26f__3__BestDiast_72_%.nrrd to /home/juval.gutknecht/Projects/Data/heart-segmentation-results/Dataset/labelsTs/BS-451_13_Herz__0.6__I26f__3__BestDiast_72_%.nrrd
2024-07-29 12:10:03,828 - INFO - Moving /home/juval.gutknecht/Projects/Data/heart-segmentation-results/Dataset/landmarksTr/BS-451_13_Herz__0.6__I26f__3__BestDiast_72_%.mrk.json to /home/juval.gutknecht/Projects/Data/heart-segmentation-results/Dataset/landmarksTs/BS-451_13_Herz__0.6__I26f__3__BestDiast_72_%.mrk.json
2024-07-29 12:10:03,828 - INFO - Moving /home/juval.gutknecht/Projects/Data/heart-segmentation-results/Dataset/imagesTr/BS-056_5_Fl_Thoracica__1.0__I26f__3__60%_0000.nrrd to /home/juval.gutknecht/Projects/Data/heart-segmentation-results/Dataset/imagesTs/BS-056_5_Fl_Thoracica__1.0__I26f__3__60%_0000.nrrd
2024-07-29 12:10:03,828 - INFO - Moving /home/juval.gutknecht/Projects/Data/heart-segmentation-results/Dataset/labelsTr/BS-056_5_Fl_Thoracica__1.0__I26f__3__60%.nrrd to /home/juval.gutknecht/Projects/Data/heart-segmentation-results/Dataset/labelsTs/BS-056_5_Fl_Thoracica__1.0__I26f__3__60%.nrrd
2024-07-29 12:10:03,828 - INFO - Moving /home/juval.gutknecht/Projects/Data/heart-segmentation-results/Dataset/landmarksTr/BS-056_5_Fl_Thoracica__1.0__I26f__3__60%.mrk.json to /home/juval.gutknecht/Projects/Data/heart-segmentation-results/Dataset/landmarksTs/BS-056_5_Fl_Thoracica__1.0__I26f__3__60%.mrk.json
2024-07-29 12:10:03,828 - INFO - Moving /home/juval.gutknecht/Projects/Data/heart-segmentation-results/Dataset/imagesTr/BS-435_6_Thoracica__5.0__I26f__3__BestDiast_78_%_0000.nrrd to /home/juval.gutknecht/Projects/Data/heart-segmentation-results/Dataset/imagesTs/BS-435_6_Thoracica__5.0__I26f__3__BestDiast_78_%_0000.nrrd
2024-07-29 12:10:03,828 - INFO - Moving /home/juval.gutknecht/Projects/Data/heart-segmentation-results/Dataset/labelsTr/BS-435_6_Thoracica__5.0__I26f__3__BestDiast_78_%.nrrd to /home/juval.gutknecht/Projects/Data/heart-segmentation-results/Dataset/labelsTs/BS-435_6_Thoracica__5.0__I26f__3__BestDiast_78_%.nrrd
2024-07-29 12:10:03,828 - INFO - Moving /home/juval.gutknecht/Projects/Data/heart-segmentation-results/Dataset/landmarksTr/BS-435_6_Thoracica__5.0__I26f__3__BestDiast_78_%.mrk.json to /home/juval.gutknecht/Projects/Data/heart-segmentation-results/Dataset/landmarksTs/BS-435_6_Thoracica__5.0__I26f__3__BestDiast_78_%.mrk.json
2024-07-29 12:10:03,828 - INFO - Moving /home/juval.gutknecht/Projects/Data/heart-segmentation-results/Dataset/imagesTr/BS-330_9_Thorax__1.0__I30f__3__BestDiast_QCA_D_77_%_0000.nrrd to /home/juval.gutknecht/Projects/Data/heart-segmentation-results/Dataset/imagesTs/BS-330_9_Thorax__1.0__I30f__3__BestDiast_QCA_D_77_%_0000.nrrd
2024-07-29 12:10:03,828 - INFO - Moving /home/juval.gutknecht/Projects/Data/heart-segmentation-results/Dataset/labelsTr/BS-330_9_Thorax__1.0__I30f__3__BestDiast_QCA_D_77_%.nrrd to /home/juval.gutknecht/Projects/Data/heart-segmentation-results/Dataset/labelsTs/BS-330_9_Thorax__1.0__I30f__3__BestDiast_QCA_D_77_%.nrrd
2024-07-29 12:10:03,828 - INFO - Moving /home/juval.gutknecht/Projects/Data/heart-segmentation-results/Dataset/landmarksTr/BS-330_9_Thorax__1.0__I30f__3__BestDiast_QCA_D_77_%.mrk.json to /home/juval.gutknecht/Projects/Data/heart-segmentation-results/Dataset/landmarksTs/BS-330_9_Thorax__1.0__I30f__3__BestDiast_QCA_D_77_%.mrk.json
2024-07-29 12:10:03,828 - INFO - Moving /home/juval.gutknecht/Projects/Data/heart-segmentation-results/Dataset/imagesTr/BS-098_10_Herz__0.6__I30f__3__60%_0000.nrrd to /home/juval.gutknecht/Projects/Data/heart-segmentation-results/Dataset/imagesTs/BS-098_10_Herz__0.6__I30f__3__60%_0000.nrrd
2024-07-29 12:10:03,828 - INFO - Moving /home/juval.gutknecht/Projects/Data/heart-segmentation-results/Dataset/labelsTr/BS-098_10_Herz__0.6__I30f__3__60%.nrrd to /home/juval.gutknecht/Projects/Data/heart-segmentation-results/Dataset/labelsTs/BS-098_10_Herz__0.6__I30f__3__60%.nrrd
2024-07-29 12:10:03,828 - INFO - Moving /home/juval.gutknecht/Projects/Data/heart-segmentation-results/Dataset/landmarksTr/BS-098_10_Herz__0.6__I30f__3__60%.mrk.json to /home/juval.gutknecht/Projects/Data/heart-segmentation-results/Dataset/landmarksTs/BS-098_10_Herz__0.6__I30f__3__60%.mrk.json
2024-07-29 12:10:03,828 - INFO - Moving /home/juval.gutknecht/Projects/Data/heart-segmentation-results/Dataset/imagesTr/BS-202_9_Herz__0.6__I30f__3__60%_0000.nrrd to /home/juval.gutknecht/Projects/Data/heart-segmentation-results/Dataset/imagesTs/BS-202_9_Herz__0.6__I30f__3__60%_0000.nrrd
2024-07-29 12:10:03,828 - INFO - Moving /home/juval.gutknecht/Projects/Data/heart-segmentation-results/Dataset/labelsTr/BS-202_9_Herz__0.6__I30f__3__60%.nrrd to /home/juval.gutknecht/Projects/Data/heart-segmentation-results/Dataset/labelsTs/BS-202_9_Herz__0.6__I30f__3__60%.nrrd
2024-07-29 12:10:03,828 - INFO - Moving /home/juval.gutknecht/Projects/Data/heart-segmentation-results/Dataset/landmarksTr/BS-202_9_Herz__0.6__I30f__3__60%.mrk.json to /home/juval.gutknecht/Projects/Data/heart-segmentation-results/Dataset/landmarksTs/BS-202_9_Herz__0.6__I30f__3__60%.mrk.json
2024-07-29 12:10:03,828 - INFO - Moving /home/juval.gutknecht/Projects/Data/heart-segmentation-results/Dataset/imagesTr/BS-538_5_Cor__Fl_Thx-Abd__0.6__I26f__3__60%_0000.nrrd to /home/juval.gutknecht/Projects/Data/heart-segmentation-results/Dataset/imagesTs/BS-538_5_Cor__Fl_Thx-Abd__0.6__I26f__3__60%_0000.nrrd
2024-07-29 12:10:03,829 - INFO - Moving /home/juval.gutknecht/Projects/Data/heart-segmentation-results/Dataset/labelsTr/BS-538_5_Cor__Fl_Thx-Abd__0.6__I26f__3__60%.nrrd to /home/juval.gutknecht/Projects/Data/heart-segmentation-results/Dataset/labelsTs/BS-538_5_Cor__Fl_Thx-Abd__0.6__I26f__3__60%.nrrd
2024-07-29 12:10:03,829 - INFO - Moving /home/juval.gutknecht/Projects/Data/heart-segmentation-results/Dataset/landmarksTr/BS-538_5_Cor__Fl_Thx-Abd__0.6__I26f__3__60%.mrk.json to /home/juval.gutknecht/Projects/Data/heart-segmentation-results/Dataset/landmarksTs/BS-538_5_Cor__Fl_Thx-Abd__0.6__I26f__3__60%.mrk.json
2024-07-29 12:10:03,829 - INFO - Moving /home/juval.gutknecht/Projects/Data/heart-segmentation-results/Dataset/imagesTr/BS-116_11_Angio_Fl_Thoracica_axial___60%_0000.nrrd to /home/juval.gutknecht/Projects/Data/heart-segmentation-results/Dataset/imagesTs/BS-116_11_Angio_Fl_Thoracica_axial___60%_0000.nrrd
2024-07-29 12:10:03,829 - INFO - Moving /home/juval.gutknecht/Projects/Data/heart-segmentation-results/Dataset/labelsTr/BS-116_11_Angio_Fl_Thoracica_axial___60%.nrrd to /home/juval.gutknecht/Projects/Data/heart-segmentation-results/Dataset/labelsTs/BS-116_11_Angio_Fl_Thoracica_axial___60%.nrrd
2024-07-29 12:10:03,829 - INFO - Moving /home/juval.gutknecht/Projects/Data/heart-segmentation-results/Dataset/landmarksTr/BS-116_11_Angio_Fl_Thoracica_axial___60%.mrk.json to /home/juval.gutknecht/Projects/Data/heart-segmentation-results/Dataset/landmarksTs/BS-116_11_Angio_Fl_Thoracica_axial___60%.mrk.json
2024-07-29 12:10:03,829 - INFO - Moving /home/juval.gutknecht/Projects/Data/heart-segmentation-results/Dataset/imagesTr/BS-186_9_Fl_Herz__0.6__Bv40__3__65%_0000.nrrd to /home/juval.gutknecht/Projects/Data/heart-segmentation-results/Dataset/imagesTs/BS-186_9_Fl_Herz__0.6__Bv40__3__65%_0000.nrrd
2024-07-29 12:10:03,829 - INFO - Moving /home/juval.gutknecht/Projects/Data/heart-segmentation-results/Dataset/labelsTr/BS-186_9_Fl_Herz__0.6__Bv40__3__65%.nrrd to /home/juval.gutknecht/Projects/Data/heart-segmentation-results/Dataset/labelsTs/BS-186_9_Fl_Herz__0.6__Bv40__3__65%.nrrd
2024-07-29 12:10:03,829 - INFO - Moving /home/juval.gutknecht/Projects/Data/heart-segmentation-results/Dataset/landmarksTr/BS-186_9_Fl_Herz__0.6__Bv40__3__65%.mrk.json to /home/juval.gutknecht/Projects/Data/heart-segmentation-results/Dataset/landmarksTs/BS-186_9_Fl_Herz__0.6__Bv40__3__65%.mrk.json
2024-07-29 12:10:03,829 - INFO - Moving /home/juval.gutknecht/Projects/Data/heart-segmentation-results/Dataset/imagesTr/BS-044_6_Herz__0.6__I26f__3__60%_0000.nrrd to /home/juval.gutknecht/Projects/Data/heart-segmentation-results/Dataset/imagesTs/BS-044_6_Herz__0.6__I26f__3__60%_0000.nrrd
2024-07-29 12:10:03,829 - INFO - Moving /home/juval.gutknecht/Projects/Data/heart-segmentation-results/Dataset/labelsTr/BS-044_6_Herz__0.6__I26f__3__60%.nrrd to /home/juval.gutknecht/Projects/Data/heart-segmentation-results/Dataset/labelsTs/BS-044_6_Herz__0.6__I26f__3__60%.nrrd
2024-07-29 12:10:03,829 - INFO - Moving /home/juval.gutknecht/Projects/Data/heart-segmentation-results/Dataset/landmarksTr/BS-044_6_Herz__0.6__I26f__3__60%.mrk.json to /home/juval.gutknecht/Projects/Data/heart-segmentation-results/Dataset/landmarksTs/BS-044_6_Herz__0.6__I26f__3__60%.mrk.json
2024-07-29 12:10:03,829 - INFO - Moving /home/juval.gutknecht/Projects/Data/heart-segmentation-results/Dataset/imagesTr/BS-043_601_Aorta_1mm_iDose_(4)_0000.nrrd to /home/juval.gutknecht/Projects/Data/heart-segmentation-results/Dataset/imagesTs/BS-043_601_Aorta_1mm_iDose_(4)_0000.nrrd
2024-07-29 12:10:03,829 - INFO - Moving /home/juval.gutknecht/Projects/Data/heart-segmentation-results/Dataset/labelsTr/BS-043_601_Aorta_1mm_iDose_(4).nrrd to /home/juval.gutknecht/Projects/Data/heart-segmentation-results/Dataset/labelsTs/BS-043_601_Aorta_1mm_iDose_(4).nrrd
2024-07-29 12:10:03,829 - INFO - Moving /home/juval.gutknecht/Projects/Data/heart-segmentation-results/Dataset/landmarksTr/BS-043_601_Aorta_1mm_iDose_(4).mrk.json to /home/juval.gutknecht/Projects/Data/heart-segmentation-results/Dataset/landmarksTs/BS-043_601_Aorta_1mm_iDose_(4).mrk.json
2024-07-29 12:10:03,829 - INFO - Moving /home/juval.gutknecht/Projects/Data/heart-segmentation-results/Dataset/imagesTr/BS-419_9_Herz__0.6__I30f__3__60%_0000.nrrd to /home/juval.gutknecht/Projects/Data/heart-segmentation-results/Dataset/imagesTs/BS-419_9_Herz__0.6__I30f__3__60%_0000.nrrd
2024-07-29 12:10:03,829 - INFO - Moving /home/juval.gutknecht/Projects/Data/heart-segmentation-results/Dataset/labelsTr/BS-419_9_Herz__0.6__I30f__3__60%.nrrd to /home/juval.gutknecht/Projects/Data/heart-segmentation-results/Dataset/labelsTs/BS-419_9_Herz__0.6__I30f__3__60%.nrrd
2024-07-29 12:10:03,829 - INFO - Moving /home/juval.gutknecht/Projects/Data/heart-segmentation-results/Dataset/landmarksTr/BS-419_9_Herz__0.6__I30f__3__60%.mrk.json to /home/juval.gutknecht/Projects/Data/heart-segmentation-results/Dataset/landmarksTs/BS-419_9_Herz__0.6__I30f__3__60%.mrk.json
2024-07-29 12:10:03,829 - INFO - Moving /home/juval.gutknecht/Projects/Data/heart-segmentation-results/Dataset/imagesTr/BS-016_18_Fl_Herz__0.6__Bv40__3__65%_0000.nrrd to /home/juval.gutknecht/Projects/Data/heart-segmentation-results/Dataset/imagesTs/BS-016_18_Fl_Herz__0.6__Bv40__3__65%_0000.nrrd
2024-07-29 12:10:03,829 - INFO - Moving /home/juval.gutknecht/Projects/Data/heart-segmentation-results/Dataset/labelsTr/BS-016_18_Fl_Herz__0.6__Bv40__3__65%.nrrd to /home/juval.gutknecht/Projects/Data/heart-segmentation-results/Dataset/labelsTs/BS-016_18_Fl_Herz__0.6__Bv40__3__65%.nrrd
2024-07-29 12:10:03,829 - INFO - Moving /home/juval.gutknecht/Projects/Data/heart-segmentation-results/Dataset/landmarksTr/BS-016_18_Fl_Herz__0.6__Bv40__3__65%.mrk.json to /home/juval.gutknecht/Projects/Data/heart-segmentation-results/Dataset/landmarksTs/BS-016_18_Fl_Herz__0.6__Bv40__3__65%.mrk.json
2024-07-29 12:10:03,829 - INFO - Moving /home/juval.gutknecht/Projects/Data/heart-segmentation-results/Dataset/imagesTr/BS-241_10_Herz__0.6__Bv40__3__70%_0000.nrrd to /home/juval.gutknecht/Projects/Data/heart-segmentation-results/Dataset/imagesTs/BS-241_10_Herz__0.6__Bv40__3__70%_0000.nrrd
2024-07-29 12:10:03,829 - INFO - Moving /home/juval.gutknecht/Projects/Data/heart-segmentation-results/Dataset/labelsTr/BS-241_10_Herz__0.6__Bv40__3__70%.nrrd to /home/juval.gutknecht/Projects/Data/heart-segmentation-results/Dataset/labelsTs/BS-241_10_Herz__0.6__Bv40__3__70%.nrrd
2024-07-29 12:10:03,829 - INFO - Moving /home/juval.gutknecht/Projects/Data/heart-segmentation-results/Dataset/landmarksTr/BS-241_10_Herz__0.6__Bv40__3__70%.mrk.json to /home/juval.gutknecht/Projects/Data/heart-segmentation-results/Dataset/landmarksTs/BS-241_10_Herz__0.6__Bv40__3__70%.mrk.json
2024-07-29 12:10:03,829 - INFO - Moving /home/juval.gutknecht/Projects/Data/heart-segmentation-results/Dataset/imagesTr/BS-087_12_Thorax__1.0__I30f__BestSyst_QCA_D_33_%_0000.nrrd to /home/juval.gutknecht/Projects/Data/heart-segmentation-results/Dataset/imagesTs/BS-087_12_Thorax__1.0__I30f__BestSyst_QCA_D_33_%_0000.nrrd
2024-07-29 12:10:03,830 - INFO - Moving /home/juval.gutknecht/Projects/Data/heart-segmentation-results/Dataset/labelsTr/BS-087_12_Thorax__1.0__I30f__BestSyst_QCA_D_33_%.nrrd to /home/juval.gutknecht/Projects/Data/heart-segmentation-results/Dataset/labelsTs/BS-087_12_Thorax__1.0__I30f__BestSyst_QCA_D_33_%.nrrd
2024-07-29 12:10:03,830 - INFO - Moving /home/juval.gutknecht/Projects/Data/heart-segmentation-results/Dataset/landmarksTr/BS-087_12_Thorax__1.0__I30f__BestSyst_QCA_D_33_%.mrk.json to /home/juval.gutknecht/Projects/Data/heart-segmentation-results/Dataset/landmarksTs/BS-087_12_Thorax__1.0__I30f__BestSyst_QCA_D_33_%.mrk.json
2024-07-29 12:10:03,830 - INFO - Moving /home/juval.gutknecht/Projects/Data/heart-segmentation-results/Dataset/imagesTr/BS-360_8_Angio._Thoracica__I26f__axial_0000.nrrd to /home/juval.gutknecht/Projects/Data/heart-segmentation-results/Dataset/imagesTs/BS-360_8_Angio._Thoracica__I26f__axial_0000.nrrd
2024-07-29 12:10:03,830 - INFO - Moving /home/juval.gutknecht/Projects/Data/heart-segmentation-results/Dataset/labelsTr/BS-360_8_Angio._Thoracica__I26f__axial.nrrd to /home/juval.gutknecht/Projects/Data/heart-segmentation-results/Dataset/labelsTs/BS-360_8_Angio._Thoracica__I26f__axial.nrrd
2024-07-29 12:10:03,830 - INFO - Moving /home/juval.gutknecht/Projects/Data/heart-segmentation-results/Dataset/landmarksTr/BS-360_8_Angio._Thoracica__I26f__axial.mrk.json to /home/juval.gutknecht/Projects/Data/heart-segmentation-results/Dataset/landmarksTs/BS-360_8_Angio._Thoracica__I26f__axial.mrk.json
2024-07-29 12:10:03,830 - INFO - Moving /home/juval.gutknecht/Projects/Data/heart-segmentation-results/Dataset/imagesTr/BS-543_6_Cor__Fl_Thx-Abd__0.6__I26f__3__60%_0000.nrrd to /home/juval.gutknecht/Projects/Data/heart-segmentation-results/Dataset/imagesTs/BS-543_6_Cor__Fl_Thx-Abd__0.6__I26f__3__60%_0000.nrrd
2024-07-29 12:10:03,830 - INFO - Moving /home/juval.gutknecht/Projects/Data/heart-segmentation-results/Dataset/labelsTr/BS-543_6_Cor__Fl_Thx-Abd__0.6__I26f__3__60%.nrrd to /home/juval.gutknecht/Projects/Data/heart-segmentation-results/Dataset/labelsTs/BS-543_6_Cor__Fl_Thx-Abd__0.6__I26f__3__60%.nrrd
2024-07-29 12:10:03,830 - INFO - Moving /home/juval.gutknecht/Projects/Data/heart-segmentation-results/Dataset/landmarksTr/BS-543_6_Cor__Fl_Thx-Abd__0.6__I26f__3__60%.mrk.json to /home/juval.gutknecht/Projects/Data/heart-segmentation-results/Dataset/landmarksTs/BS-543_6_Cor__Fl_Thx-Abd__0.6__I26f__3__60%.mrk.json
2024-07-29 12:10:03,830 - INFO - Moving /home/juval.gutknecht/Projects/Data/heart-segmentation-results/Dataset/imagesTr/BS-316_10_Herz__0.6__I26f__3__BestDiast_69_%_0000.nrrd to /home/juval.gutknecht/Projects/Data/heart-segmentation-results/Dataset/imagesTs/BS-316_10_Herz__0.6__I26f__3__BestDiast_69_%_0000.nrrd
2024-07-29 12:10:03,830 - INFO - Moving /home/juval.gutknecht/Projects/Data/heart-segmentation-results/Dataset/labelsTr/BS-316_10_Herz__0.6__I26f__3__BestDiast_69_%.nrrd to /home/juval.gutknecht/Projects/Data/heart-segmentation-results/Dataset/labelsTs/BS-316_10_Herz__0.6__I26f__3__BestDiast_69_%.nrrd
2024-07-29 12:10:03,830 - INFO - Moving /home/juval.gutknecht/Projects/Data/heart-segmentation-results/Dataset/landmarksTr/BS-316_10_Herz__0.6__I26f__3__BestDiast_69_%.mrk.json to /home/juval.gutknecht/Projects/Data/heart-segmentation-results/Dataset/landmarksTs/BS-316_10_Herz__0.6__I26f__3__BestDiast_69_%.mrk.json
2024-07-29 12:10:03,830 - INFO - Moving /home/juval.gutknecht/Projects/Data/heart-segmentation-results/Dataset/imagesTr/BS-540_9_Thorax__0.6__I30f__3__70%_QCA_D_0000.nrrd to /home/juval.gutknecht/Projects/Data/heart-segmentation-results/Dataset/imagesTs/BS-540_9_Thorax__0.6__I30f__3__70%_QCA_D_0000.nrrd
2024-07-29 12:10:03,830 - INFO - Moving /home/juval.gutknecht/Projects/Data/heart-segmentation-results/Dataset/labelsTr/BS-540_9_Thorax__0.6__I30f__3__70%_QCA_D.nrrd to /home/juval.gutknecht/Projects/Data/heart-segmentation-results/Dataset/labelsTs/BS-540_9_Thorax__0.6__I30f__3__70%_QCA_D.nrrd
2024-07-29 12:10:03,830 - INFO - Moving /home/juval.gutknecht/Projects/Data/heart-segmentation-results/Dataset/landmarksTr/BS-540_9_Thorax__0.6__I30f__3__70%_QCA_D.mrk.json to /home/juval.gutknecht/Projects/Data/heart-segmentation-results/Dataset/landmarksTs/BS-540_9_Thorax__0.6__I30f__3__70%_QCA_D.mrk.json
2024-07-29 12:10:03,830 - INFO - Moving /home/juval.gutknecht/Projects/Data/heart-segmentation-results/Dataset/imagesTr/BS-354_8_Fl_Thoracica__1.0__I26f__3__60%_0000.nrrd to /home/juval.gutknecht/Projects/Data/heart-segmentation-results/Dataset/imagesTs/BS-354_8_Fl_Thoracica__1.0__I26f__3__60%_0000.nrrd
2024-07-29 12:10:03,830 - INFO - Moving /home/juval.gutknecht/Projects/Data/heart-segmentation-results/Dataset/labelsTr/BS-354_8_Fl_Thoracica__1.0__I26f__3__60%.nrrd to /home/juval.gutknecht/Projects/Data/heart-segmentation-results/Dataset/labelsTs/BS-354_8_Fl_Thoracica__1.0__I26f__3__60%.nrrd
2024-07-29 12:10:03,830 - INFO - Moving /home/juval.gutknecht/Projects/Data/heart-segmentation-results/Dataset/landmarksTr/BS-354_8_Fl_Thoracica__1.0__I26f__3__60%.mrk.json to /home/juval.gutknecht/Projects/Data/heart-segmentation-results/Dataset/landmarksTs/BS-354_8_Fl_Thoracica__1.0__I26f__3__60%.mrk.json
2024-07-29 12:10:03,830 - INFO - Dataset split completed successfully.
